Started by user [8mha:////4DnklqZ3UXiUKxo+R2fxZYS3gCTrm4aBUyBmLGs0b6mNAAAAlx+LCAAAAAAAAP9b85aBtbiIQTGjNKU4P08vOT+vOD8nVc83PyU1x6OyILUoJzMv2y+/JJUBAhiZGBgqihhk0NSjKDWzXb3RdlLBUSYGJk8GtpzUvPSSDB8G5tKinBIGIZ+sxLJE/ZzEvHT94JKizLx0a6BxUmjGOUNodHsLgAyuEgZu/dLi1CL9xJTczDwAEmIUecAAAAA=[0mAdmin User
Running in Durability level: MAX_SURVIVABILITY
[8mha:////4NkueKVYrgQrVcme9p6ewnhxzUEBG1YkEi3hkrg5RNLVAAAAaB+LCAAAAAAAAP9b85aBtbiIwTG/KF0vKzUvOzOvODlTryCnNB3I0ivPL8pOy8kv18vKT9JLzs8rzs9J1QuHCgaV5jlDhPzyS1IZIICRiYGhoohBKqM0pTg/D64Hh8ICAFt0h+h/AAAA[0m[Pipeline] node
Running on [8mha:////4IpUL76Inv85u0oD3kLw01+UpqW7/5TBe5hRE114sjG2AAAAnh+LCAAAAAAAAP9b85aBtbiIQTGjNKU4P08vOT+vOD8nVc83PyU1x6OyILUoJzMv2y+/JJUBAhiZGBgqihhk0NSjKDWzXb3RdlLBUSYGJk8GtpzUvPSSDB8G5tKinBIGIZ+sxLJE/ZzEvHT94JKizLx0a6BxUmjGOUNodHsLgAz2EgZh/eT83ILSktQifY3cxGIgrakPAHib2iPIAAAA[0mJenkins in /var/jenkins_home/jobs/Gameoflife/jobs/Gameoflife-Git/jobs/Gameoflife_CI/workspace
[8mha:////4NkueKVYrgQrVcme9p6ewnhxzUEBG1YkEi3hkrg5RNLVAAAAaB+LCAAAAAAAAP9b85aBtbiIwTG/KF0vKzUvOzOvODlTryCnNB3I0ivPL8pOy8kv18vKT9JLzs8rzs9J1QuHCgaV5jlDhPzyS1IZIICRiYGhoohBKqM0pTg/D64Hh8ICAFt0h+h/AAAA[0m[Pipeline] {
[8mha:////4NkueKVYrgQrVcme9p6ewnhxzUEBG1YkEi3hkrg5RNLVAAAAaB+LCAAAAAAAAP9b85aBtbiIwTG/KF0vKzUvOzOvODlTryCnNB3I0ivPL8pOy8kv18vKT9JLzs8rzs9J1QuHCgaV5jlDhPzyS1IZIICRiYGhoohBKqM0pTg/D64Hh8ICAFt0h+h/AAAA[0m[Pipeline] stage
[8mha:////4NkueKVYrgQrVcme9p6ewnhxzUEBG1YkEi3hkrg5RNLVAAAAaB+LCAAAAAAAAP9b85aBtbiIwTG/KF0vKzUvOzOvODlTryCnNB3I0ivPL8pOy8kv18vKT9JLzs8rzs9J1QuHCgaV5jlDhPzyS1IZIICRiYGhoohBKqM0pTg/D64Hh8ICAFt0h+h/AAAA[0m[Pipeline] { (git Checkout)
[8mha:////4NkueKVYrgQrVcme9p6ewnhxzUEBG1YkEi3hkrg5RNLVAAAAaB+LCAAAAAAAAP9b85aBtbiIwTG/KF0vKzUvOzOvODlTryCnNB3I0ivPL8pOy8kv18vKT9JLzs8rzs9J1QuHCgaV5jlDhPzyS1IZIICRiYGhoohBKqM0pTg/D64Hh8ICAFt0h+h/AAAA[0m[Pipeline] script
[8mha:////4NkueKVYrgQrVcme9p6ewnhxzUEBG1YkEi3hkrg5RNLVAAAAaB+LCAAAAAAAAP9b85aBtbiIwTG/KF0vKzUvOzOvODlTryCnNB3I0ivPL8pOy8kv18vKT9JLzs8rzs9J1QuHCgaV5jlDhPzyS1IZIICRiYGhoohBKqM0pTg/D64Hh8ICAFt0h+h/AAAA[0m[Pipeline] {
[8mha:////4NkueKVYrgQrVcme9p6ewnhxzUEBG1YkEi3hkrg5RNLVAAAAaB+LCAAAAAAAAP9b85aBtbiIwTG/KF0vKzUvOzOvODlTryCnNB3I0ivPL8pOy8kv18vKT9JLzs8rzs9J1QuHCgaV5jlDhPzyS1IZIICRiYGhoohBKqM0pTg/D64Hh8ICAFt0h+h/AAAA[0m[Pipeline] checkout
 > git rev-parse --is-inside-work-tree # timeout=10
Fetching changes from the remote Git repository
 > git config remote.origin.url http://52.66.103.232/gitlab/admin1/gameoflife.git # timeout=10
Fetching upstream changes from http://52.66.103.232/gitlab/admin1/gameoflife.git
 > git --version # timeout=10
using GIT_ASKPASS to set credentials svn
 > git fetch --tags --progress http://52.66.103.232/gitlab/admin1/gameoflife.git +refs/heads/*:refs/remotes/origin/*
 > git rev-parse refs/remotes/origin/master^{commit} # timeout=10
 > git rev-parse refs/remotes/origin/origin/master^{commit} # timeout=10
Checking out Revision df4b827000abefbed3a292487e05730b935f8dda (refs/remotes/origin/master)
 > git config core.sparsecheckout # timeout=10
 > git checkout -f df4b827000abefbed3a292487e05730b935f8dda
Commit message: "Update pom.xml"
 > git rev-list --no-walk dc03c725202d75e4166d449839c3f84669be59e1 # timeout=10
[8mha:////4NkueKVYrgQrVcme9p6ewnhxzUEBG1YkEi3hkrg5RNLVAAAAaB+LCAAAAAAAAP9b85aBtbiIwTG/KF0vKzUvOzOvODlTryCnNB3I0ivPL8pOy8kv18vKT9JLzs8rzs9J1QuHCgaV5jlDhPzyS1IZIICRiYGhoohBKqM0pTg/D64Hh8ICAFt0h+h/AAAA[0m[Pipeline] }
[8mha:////4NkueKVYrgQrVcme9p6ewnhxzUEBG1YkEi3hkrg5RNLVAAAAaB+LCAAAAAAAAP9b85aBtbiIwTG/KF0vKzUvOzOvODlTryCnNB3I0ivPL8pOy8kv18vKT9JLzs8rzs9J1QuHCgaV5jlDhPzyS1IZIICRiYGhoohBKqM0pTg/D64Hh8ICAFt0h+h/AAAA[0m[Pipeline] // script
[8mha:////4NkueKVYrgQrVcme9p6ewnhxzUEBG1YkEi3hkrg5RNLVAAAAaB+LCAAAAAAAAP9b85aBtbiIwTG/KF0vKzUvOzOvODlTryCnNB3I0ivPL8pOy8kv18vKT9JLzs8rzs9J1QuHCgaV5jlDhPzyS1IZIICRiYGhoohBKqM0pTg/D64Hh8ICAFt0h+h/AAAA[0m[Pipeline] }
[8mha:////4NkueKVYrgQrVcme9p6ewnhxzUEBG1YkEi3hkrg5RNLVAAAAaB+LCAAAAAAAAP9b85aBtbiIwTG/KF0vKzUvOzOvODlTryCnNB3I0ivPL8pOy8kv18vKT9JLzs8rzs9J1QuHCgaV5jlDhPzyS1IZIICRiYGhoohBKqM0pTg/D64Hh8ICAFt0h+h/AAAA[0m[Pipeline] // stage
[8mha:////4NkueKVYrgQrVcme9p6ewnhxzUEBG1YkEi3hkrg5RNLVAAAAaB+LCAAAAAAAAP9b85aBtbiIwTG/KF0vKzUvOzOvODlTryCnNB3I0ivPL8pOy8kv18vKT9JLzs8rzs9J1QuHCgaV5jlDhPzyS1IZIICRiYGhoohBKqM0pTg/D64Hh8ICAFt0h+h/AAAA[0m[Pipeline] stage
[8mha:////4NkueKVYrgQrVcme9p6ewnhxzUEBG1YkEi3hkrg5RNLVAAAAaB+LCAAAAAAAAP9b85aBtbiIwTG/KF0vKzUvOzOvODlTryCnNB3I0ivPL8pOy8kv18vKT9JLzs8rzs9J1QuHCgaV5jlDhPzyS1IZIICRiYGhoohBKqM0pTg/D64Hh8ICAFt0h+h/AAAA[0m[Pipeline] { (Maven Execution)
[8mha:////4NkueKVYrgQrVcme9p6ewnhxzUEBG1YkEi3hkrg5RNLVAAAAaB+LCAAAAAAAAP9b85aBtbiIwTG/KF0vKzUvOzOvODlTryCnNB3I0ivPL8pOy8kv18vKT9JLzs8rzs9J1QuHCgaV5jlDhPzyS1IZIICRiYGhoohBKqM0pTg/D64Hh8ICAFt0h+h/AAAA[0m[Pipeline] script
[8mha:////4NkueKVYrgQrVcme9p6ewnhxzUEBG1YkEi3hkrg5RNLVAAAAaB+LCAAAAAAAAP9b85aBtbiIwTG/KF0vKzUvOzOvODlTryCnNB3I0ivPL8pOy8kv18vKT9JLzs8rzs9J1QuHCgaV5jlDhPzyS1IZIICRiYGhoohBKqM0pTg/D64Hh8ICAFt0h+h/AAAA[0m[Pipeline] {
[8mha:////4NkueKVYrgQrVcme9p6ewnhxzUEBG1YkEi3hkrg5RNLVAAAAaB+LCAAAAAAAAP9b85aBtbiIwTG/KF0vKzUvOzOvODlTryCnNB3I0ivPL8pOy8kv18vKT9JLzs8rzs9J1QuHCgaV5jlDhPzyS1IZIICRiYGhoohBKqM0pTg/D64Hh8ICAFt0h+h/AAAA[0m[Pipeline] withMaven
[withMaven] Options: []
[withMaven] Available options: 
[withMaven] using JDK installation jdk8
[withMaven] using Maven installation 'Maven'
[8mha:////4NkueKVYrgQrVcme9p6ewnhxzUEBG1YkEi3hkrg5RNLVAAAAaB+LCAAAAAAAAP9b85aBtbiIwTG/KF0vKzUvOzOvODlTryCnNB3I0ivPL8pOy8kv18vKT9JLzs8rzs9J1QuHCgaV5jlDhPzyS1IZIICRiYGhoohBKqM0pTg/D64Hh8ICAFt0h+h/AAAA[0m[Pipeline] {
[8mha:////4NkueKVYrgQrVcme9p6ewnhxzUEBG1YkEi3hkrg5RNLVAAAAaB+LCAAAAAAAAP9b85aBtbiIwTG/KF0vKzUvOzOvODlTryCnNB3I0ivPL8pOy8kv18vKT9JLzs8rzs9J1QuHCgaV5jlDhPzyS1IZIICRiYGhoohBKqM0pTg/D64Hh8ICAFt0h+h/AAAA[0m[Pipeline] withSonarQubeEnv
Injecting SonarQube environment variables using the configuration: Sonar
[8mha:////4NkueKVYrgQrVcme9p6ewnhxzUEBG1YkEi3hkrg5RNLVAAAAaB+LCAAAAAAAAP9b85aBtbiIwTG/KF0vKzUvOzOvODlTryCnNB3I0ivPL8pOy8kv18vKT9JLzs8rzs9J1QuHCgaV5jlDhPzyS1IZIICRiYGhoohBKqM0pTg/D64Hh8ICAFt0h+h/AAAA[0m[Pipeline] {
[8mha:////4NkueKVYrgQrVcme9p6ewnhxzUEBG1YkEi3hkrg5RNLVAAAAaB+LCAAAAAAAAP9b85aBtbiIwTG/KF0vKzUvOzOvODlTryCnNB3I0ivPL8pOy8kv18vKT9JLzs8rzs9J1QuHCgaV5jlDhPzyS1IZIICRiYGhoohBKqM0pTg/D64Hh8ICAFt0h+h/AAAA[0m[Pipeline] sh
[workspace] Running shell script
+ mvn clean install sonar:sonar -Dsonar.host.url=http://sonar:9000/sonar/ -Dsonar.login=admin -Dsonar.password=admin
----- withMaven Wrapper script -----
Picked up JAVA_TOOL_OPTIONS: -Dmaven.ext.class.path="/var/jenkins_home/jobs/Gameoflife/jobs/Gameoflife-Git/jobs/Gameoflife_CI/workspace@tmp/withMaven109f24ec/pipeline-maven-spy.jar" -Dorg.jenkinsci.plugins.pipeline.maven.reportsFolder="/var/jenkins_home/jobs/Gameoflife/jobs/Gameoflife-Git/jobs/Gameoflife_CI/workspace@tmp/withMaven109f24ec" 
Apache Maven 3.0.5 (r01de14724cdef164cd33c7c8c2fe155faf9602da; 2013-02-19 13:51:28+0000)
Maven home: /var/jenkins_home/tools/hudson.tasks.Maven_MavenInstallation/Maven
Java version: 1.8.0_221, vendor: Oracle Corporation
Java home: /var/jenkins_home/tools/hudson.model.JDK/jdk8/jre
Default locale: en, platform encoding: UTF-8
OS name: "linux", version: "4.4.0-1099-aws", arch: "amd64", family: "unix"
[INFO] Scanning for projects...
Downloading: http://repo.maven.apache.org/maven2/org/codehaus/mojo/sonar-maven-plugin/2.5/sonar-maven-plugin-2.5.pom
Downloaded: http://repo.maven.apache.org/maven2/org/codehaus/mojo/sonar-maven-plugin/2.5/sonar-maven-plugin-2.5.pom (8 KB at 15.7 KB/sec)
Downloading: http://repo.maven.apache.org/maven2/org/codehaus/mojo/sonar-maven-plugin/2.5/sonar-maven-plugin-2.5.jar
Downloaded: http://repo.maven.apache.org/maven2/org/codehaus/mojo/sonar-maven-plugin/2.5/sonar-maven-plugin-2.5.jar (49 KB at 134.6 KB/sec)
[INFO]                                                                         
[INFO] ------------------------------------------------------------------------
[INFO] Building gameoflife 0.0.1
[INFO] ------------------------------------------------------------------------
[INFO] 
[8mha:////4EncEGxAP9fd5eYU28kBvvUyV2myMg+8S1yx4wBe/f3MAAAAYB+LCAAAAAAAAP9b85aBtbiIQSmjNKU4P0+vJLE4u1gvPjexLDVPzxdEGvvmZ+X75ZekLlOVfvTjc8FPJgaGiiIGKaiG5Py84vycVD1nCA1SyAABjCCFBQCV27OjYAAAAA==[0m[INFO] --- maven-clean-plugin:2.5:clean (default-clean) @ gameoflife ---
[INFO] Deleting /var/jenkins_home/jobs/Gameoflife/jobs/Gameoflife-Git/jobs/Gameoflife_CI/workspace/target
[INFO] 
[8mha:////4EncEGxAP9fd5eYU28kBvvUyV2myMg+8S1yx4wBe/f3MAAAAYB+LCAAAAAAAAP9b85aBtbiIQSmjNKU4P0+vJLE4u1gvPjexLDVPzxdEGvvmZ+X75ZekLlOVfvTjc8FPJgaGiiIGKaiG5Py84vycVD1nCA1SyAABjCCFBQCV27OjYAAAAA==[0m[INFO] --- maven-resources-plugin:2.6:resources (default-resources) @ gameoflife ---
[INFO] Using 'UTF-8' encoding to copy filtered resources.
[INFO] Copying 0 resource
[INFO] Copying 2 resources
[INFO] 
[8mha:////4EncEGxAP9fd5eYU28kBvvUyV2myMg+8S1yx4wBe/f3MAAAAYB+LCAAAAAAAAP9b85aBtbiIQSmjNKU4P0+vJLE4u1gvPjexLDVPzxdEGvvmZ+X75ZekLlOVfvTjc8FPJgaGiiIGKaiG5Py84vycVD1nCA1SyAABjCCFBQCV27OjYAAAAA==[0m[INFO] --- maven-compiler-plugin:3.3:compile (default-compile) @ gameoflife ---
[INFO] Changes detected - recompiling the module!
[INFO] Compiling 6 source files to /var/jenkins_home/jobs/Gameoflife/jobs/Gameoflife-Git/jobs/Gameoflife_CI/workspace/target/classes
[INFO] 
[8mha:////4EncEGxAP9fd5eYU28kBvvUyV2myMg+8S1yx4wBe/f3MAAAAYB+LCAAAAAAAAP9b85aBtbiIQSmjNKU4P0+vJLE4u1gvPjexLDVPzxdEGvvmZ+X75ZekLlOVfvTjc8FPJgaGiiIGKaiG5Py84vycVD1nCA1SyAABjCCFBQCV27OjYAAAAA==[0m[INFO] --- maven-resources-plugin:2.6:testResources (default-testResources) @ gameoflife ---
[INFO] Using 'UTF-8' encoding to copy filtered resources.
[INFO] Copying 2 resources
[INFO] 
[8mha:////4EncEGxAP9fd5eYU28kBvvUyV2myMg+8S1yx4wBe/f3MAAAAYB+LCAAAAAAAAP9b85aBtbiIQSmjNKU4P0+vJLE4u1gvPjexLDVPzxdEGvvmZ+X75ZekLlOVfvTjc8FPJgaGiiIGKaiG5Py84vycVD1nCA1SyAABjCCFBQCV27OjYAAAAA==[0m[INFO] --- maven-compiler-plugin:3.3:testCompile (default-testCompile) @ gameoflife ---
[INFO] Changes detected - recompiling the module!
[INFO] Compiling 5 source files to /var/jenkins_home/jobs/Gameoflife/jobs/Gameoflife-Git/jobs/Gameoflife_CI/workspace/target/test-classes
[INFO] 
[8mha:////4EncEGxAP9fd5eYU28kBvvUyV2myMg+8S1yx4wBe/f3MAAAAYB+LCAAAAAAAAP9b85aBtbiIQSmjNKU4P0+vJLE4u1gvPjexLDVPzxdEGvvmZ+X75ZekLlOVfvTjc8FPJgaGiiIGKaiG5Py84vycVD1nCA1SyAABjCCFBQCV27OjYAAAAA==[0m[INFO] --- maven-surefire-plugin:2.18.1:test (default-test) @ gameoflife ---
[INFO] Surefire report directory: /var/jenkins_home/jobs/Gameoflife/jobs/Gameoflife-Git/jobs/Gameoflife_CI/workspace/target/surefire-reports

-------------------------------------------------------
 T E S T S
-------------------------------------------------------
Picked up JAVA_TOOL_OPTIONS: -Dmaven.ext.class.path="/var/jenkins_home/jobs/Gameoflife/jobs/Gameoflife-Git/jobs/Gameoflife_CI/workspace@tmp/withMaven109f24ec/pipeline-maven-spy.jar" -Dorg.jenkinsci.plugins.pipeline.maven.reportsFolder="/var/jenkins_home/jobs/Gameoflife/jobs/Gameoflife-Git/jobs/Gameoflife_CI/workspace@tmp/withMaven109f24ec" 
Running be.cegeka.status.StatusControllerIntegrationTest
Tests run: 1, Failures: 0, Errors: 0, Skipped: 0, Time elapsed: 2.714 sec - in be.cegeka.status.StatusControllerIntegrationTest
Running be.cegeka.status.StatusControllerTest
Tests run: 1, Failures: 0, Errors: 0, Skipped: 0, Time elapsed: 0.078 sec - in be.cegeka.status.StatusControllerTest
Running be.cegeka.gameoflife.GameOfLifeControllerIntegrationTest
Tests run: 1, Failures: 0, Errors: 0, Skipped: 0, Time elapsed: 0.083 sec - in be.cegeka.gameoflife.GameOfLifeControllerIntegrationTest
Running be.cegeka.fizzbuzz.FizzBuzzServiceTest
Tests run: 3, Failures: 0, Errors: 0, Skipped: 0, Time elapsed: 0.058 sec - in be.cegeka.fizzbuzz.FizzBuzzServiceTest
Running be.cegeka.GameoflifeApplicationTests

  _______      ___      .___  ___.  _______      ______    _______     __       __   _______  _______
 /  _____|    /   \     |   \/   | |   ____|    /  __  \  |   ____|   |  |     |  | |   ____||   ____|
|  |  __     /  ^  \    |  \  /  | |  |__      |  |  |  | |  |__      |  |     |  | |  |__   |  |__
|  | |_ |   /  /_\  \   |  |\/|  | |   __|     |  |  |  | |   __|     |  |     |  | |   __|  |   __|
|  |__| |  /  _____  \  |  |  |  | |  |____    |  `--'  | |  |        |  `----.|  | |  |     |  |____
 \______| /__/     \__\ |__|  |__| |_______|    \______/  |__|        |_______||__| |__|     |_______|

[INFO] be.cegeka.GameoflifeApplicationTests - Starting GameoflifeApplicationTests on 99d2ca51e6d3 with PID 13835 (/var/jenkins_home/jobs/Gameoflife/jobs/Gameoflife-Git/jobs/Gameoflife_CI/workspace/target/test-classes started by jenkins in /var/jenkins_home/jobs/Gameoflife/jobs/Gameoflife-Git/jobs/Gameoflife_CI/workspace)
[DEBUG] be.cegeka.GameoflifeApplicationTests - Running with Spring Boot v1.3.0.RELEASE, Spring v4.2.3.RELEASE
[INFO] be.cegeka.GameoflifeApplicationTests - No profiles are active
[INFO] be.cegeka.GameoflifeApplicationTests - Started GameoflifeApplicationTests in 0.756 seconds (JVM running for 4.494)
Tests run: 1, Failures: 0, Errors: 0, Skipped: 0, Time elapsed: 0.798 sec - in be.cegeka.GameoflifeApplicationTests

Results :

Tests run: 7, Failures: 0, Errors: 0, Skipped: 0

[INFO] 
[8mha:////4EncEGxAP9fd5eYU28kBvvUyV2myMg+8S1yx4wBe/f3MAAAAYB+LCAAAAAAAAP9b85aBtbiIQSmjNKU4P0+vJLE4u1gvPjexLDVPzxdEGvvmZ+X75ZekLlOVfvTjc8FPJgaGiiIGKaiG5Py84vycVD1nCA1SyAABjCCFBQCV27OjYAAAAA==[0m[INFO] --- maven-war-plugin:2.5:war (default-war) @ gameoflife ---
[INFO] Packaging webapp
[INFO] Assembling webapp [gameoflife] in [/var/jenkins_home/jobs/Gameoflife/jobs/Gameoflife-Git/jobs/Gameoflife_CI/workspace/target/gameoflife-0.0.1]
[INFO] Processing war project
[INFO] Copying webapp resources [/var/jenkins_home/jobs/Gameoflife/jobs/Gameoflife-Git/jobs/Gameoflife_CI/workspace/src/main/webapp]
[INFO] Webapp assembled in [268 msecs]
[INFO] Building war: /var/jenkins_home/jobs/Gameoflife/jobs/Gameoflife-Git/jobs/Gameoflife_CI/workspace/target/gameoflife-0.0.1.war
[INFO] 
[8mha:////4EncEGxAP9fd5eYU28kBvvUyV2myMg+8S1yx4wBe/f3MAAAAYB+LCAAAAAAAAP9b85aBtbiIQSmjNKU4P0+vJLE4u1gvPjexLDVPzxdEGvvmZ+X75ZekLlOVfvTjc8FPJgaGiiIGKaiG5Py84vycVD1nCA1SyAABjCCFBQCV27OjYAAAAA==[0m[INFO] --- spring-boot-maven-plugin:1.3.0.RELEASE:repackage (default) @ gameoflife ---
[INFO] 
[8mha:////4EncEGxAP9fd5eYU28kBvvUyV2myMg+8S1yx4wBe/f3MAAAAYB+LCAAAAAAAAP9b85aBtbiIQSmjNKU4P0+vJLE4u1gvPjexLDVPzxdEGvvmZ+X75ZekLlOVfvTjc8FPJgaGiiIGKaiG5Py84vycVD1nCA1SyAABjCCFBQCV27OjYAAAAA==[0m[INFO] --- maven-install-plugin:2.5.2:install (default-install) @ gameoflife ---
[INFO] Installing /var/jenkins_home/jobs/Gameoflife/jobs/Gameoflife-Git/jobs/Gameoflife_CI/workspace/target/gameoflife-0.0.1.war to /var/jenkins_home/.m2/repository/be/cegeka/gameoflife/0.0.1/gameoflife-0.0.1.war
[INFO] Installing /var/jenkins_home/jobs/Gameoflife/jobs/Gameoflife-Git/jobs/Gameoflife_CI/workspace/pom.xml to /var/jenkins_home/.m2/repository/be/cegeka/gameoflife/0.0.1/gameoflife-0.0.1.pom
[INFO]                                                                         
[INFO] ------------------------------------------------------------------------
[INFO] Building gameoflife 0.0.1
[INFO] ------------------------------------------------------------------------
[INFO] 
[8mha:////4EncEGxAP9fd5eYU28kBvvUyV2myMg+8S1yx4wBe/f3MAAAAYB+LCAAAAAAAAP9b85aBtbiIQSmjNKU4P0+vJLE4u1gvPjexLDVPzxdEGvvmZ+X75ZekLlOVfvTjc8FPJgaGiiIGKaiG5Py84vycVD1nCA1SyAABjCCFBQCV27OjYAAAAA==[0m[INFO] --- sonar-maven-plugin:2.5:sonar (default-cli) @ gameoflife ---
Downloading: http://repo.maven.apache.org/maven2/org/apache/maven/maven-settings/2.2.0/maven-settings-2.2.0.pom
Downloaded: http://repo.maven.apache.org/maven2/org/apache/maven/maven-settings/2.2.0/maven-settings-2.2.0.pom (3 KB at 8.7 KB/sec)
Downloading: http://repo.maven.apache.org/maven2/org/apache/maven/maven-model/2.2.0/maven-model-2.2.0.pom
Downloaded: http://repo.maven.apache.org/maven2/org/apache/maven/maven-model/2.2.0/maven-model-2.2.0.pom (4 KB at 13.0 KB/sec)
Downloading: http://repo.maven.apache.org/maven2/junit/junit/4.11/junit-4.11.pom
Downloaded: http://repo.maven.apache.org/maven2/junit/junit/4.11/junit-4.11.pom (3 KB at 9.4 KB/sec)
Downloading: http://repo.maven.apache.org/maven2/org/apache/maven/maven-artifact/2.2.0/maven-artifact-2.2.0.pom
Downloaded: http://repo.maven.apache.org/maven2/org/apache/maven/maven-artifact/2.2.0/maven-artifact-2.2.0.pom (2 KB at 6.4 KB/sec)
Downloading: http://repo.maven.apache.org/maven2/org/codehaus/sonar/runner/sonar-runner-api/2.4/sonar-runner-api-2.4.pom
Downloaded: http://repo.maven.apache.org/maven2/org/codehaus/sonar/runner/sonar-runner-api/2.4/sonar-runner-api-2.4.pom (6 KB at 20.3 KB/sec)
Downloading: http://repo.maven.apache.org/maven2/org/codehaus/sonar/runner/sonar-runner/2.4/sonar-runner-2.4.pom
Downloaded: http://repo.maven.apache.org/maven2/org/codehaus/sonar/runner/sonar-runner/2.4/sonar-runner-2.4.pom (5 KB at 18.9 KB/sec)
Downloading: http://repo.maven.apache.org/maven2/org/codehaus/sonar-plugins/parent/17/parent-17.pom
Downloaded: http://repo.maven.apache.org/maven2/org/codehaus/sonar-plugins/parent/17/parent-17.pom (21 KB at 85.1 KB/sec)
Downloading: http://repo.maven.apache.org/maven2/com/google/guava/guava/10.0.1/guava-10.0.1.pom
Downloaded: http://repo.maven.apache.org/maven2/com/google/guava/guava/10.0.1/guava-10.0.1.pom (6 KB at 21.5 KB/sec)
Downloading: http://repo.maven.apache.org/maven2/com/google/guava/guava-parent/10.0.1/guava-parent-10.0.1.pom
Downloaded: http://repo.maven.apache.org/maven2/com/google/guava/guava-parent/10.0.1/guava-parent-10.0.1.pom (2 KB at 7.8 KB/sec)
Downloading: http://repo.maven.apache.org/maven2/com/google/code/findbugs/jsr305/1.3.9/jsr305-1.3.9.pom
Downloaded: http://repo.maven.apache.org/maven2/com/google/code/findbugs/jsr305/1.3.9/jsr305-1.3.9.pom (965 B at 3.9 KB/sec)
Downloading: http://repo.maven.apache.org/maven2/org/codehaus/plexus/plexus-utils/1.5.5/plexus-utils-1.5.5.jar
Downloading: http://repo.maven.apache.org/maven2/org/codehaus/sonar/runner/sonar-runner-api/2.4/sonar-runner-api-2.4.jar
Downloading: http://repo.maven.apache.org/maven2/com/google/guava/guava/10.0.1/guava-10.0.1.jar
Downloaded: http://repo.maven.apache.org/maven2/com/google/guava/guava/10.0.1/guava-10.0.1.jar (1467 KB at 1989.7 KB/sec)
Downloaded: http://repo.maven.apache.org/maven2/org/codehaus/plexus/plexus-utils/1.5.5/plexus-utils-1.5.5.jar (246 KB at 298.2 KB/sec)
Downloaded: http://repo.maven.apache.org/maven2/org/codehaus/sonar/runner/sonar-runner-api/2.4/sonar-runner-api-2.4.jar (260 KB at 315.4 KB/sec)
[INFO] SonarQube version: 6.7.2.37468
[INFO] ------------------------------------------------------------------------
[INFO] BUILD FAILURE
[INFO] ------------------------------------------------------------------------
[INFO] Total time: 15.703s
[INFO] Finished at: Tue Dec 10 09:12:01 UTC 2019
[INFO] Final Memory: 36M/519M
[INFO] ------------------------------------------------------------------------
[8mha:////4JOSnVqr3aV9xt9dK4O2ctbA1F7ycyEPgk9BEPK8qQl3AAAAYB+LCAAAAAAAAP9b85aBtbiIQSmjNKU4P0+vJLE4u1gvPjexLDVPzxdEuhYV5Rf55ZekOlc7RKnPKH7IxMBQUcQgBdWQnJ9XnJ+TqucMoUEKGSCAEaSwAACsNFCqYAAAAA==[0m[ERROR] Failed to execute goal org.codehaus.mojo:sonar-maven-plugin:2.5:sonar (default-cli) on project gameoflife: SonarQube 6.7.2.37468 does not support Maven 3 -> [Help 1]
[8mha:////4JOSnVqr3aV9xt9dK4O2ctbA1F7ycyEPgk9BEPK8qQl3AAAAYB+LCAAAAAAAAP9b85aBtbiIQSmjNKU4P0+vJLE4u1gvPjexLDVPzxdEuhYV5Rf55ZekOlc7RKnPKH7IxMBQUcQgBdWQnJ9XnJ+TqucMoUEKGSCAEaSwAACsNFCqYAAAAA==[0m[ERROR] 
[8mha:////4JOSnVqr3aV9xt9dK4O2ctbA1F7ycyEPgk9BEPK8qQl3AAAAYB+LCAAAAAAAAP9b85aBtbiIQSmjNKU4P0+vJLE4u1gvPjexLDVPzxdEuhYV5Rf55ZekOlc7RKnPKH7IxMBQUcQgBdWQnJ9XnJ+TqucMoUEKGSCAEaSwAACsNFCqYAAAAA==[0m[ERROR] To see the full stack trace of the errors, re-run Maven with the -e switch.
[8mha:////4JOSnVqr3aV9xt9dK4O2ctbA1F7ycyEPgk9BEPK8qQl3AAAAYB+LCAAAAAAAAP9b85aBtbiIQSmjNKU4P0+vJLE4u1gvPjexLDVPzxdEuhYV5Rf55ZekOlc7RKnPKH7IxMBQUcQgBdWQnJ9XnJ+TqucMoUEKGSCAEaSwAACsNFCqYAAAAA==[0m[ERROR] Re-run Maven using the -X switch to enable full debug logging.
[8mha:////4JOSnVqr3aV9xt9dK4O2ctbA1F7ycyEPgk9BEPK8qQl3AAAAYB+LCAAAAAAAAP9b85aBtbiIQSmjNKU4P0+vJLE4u1gvPjexLDVPzxdEuhYV5Rf55ZekOlc7RKnPKH7IxMBQUcQgBdWQnJ9XnJ+TqucMoUEKGSCAEaSwAACsNFCqYAAAAA==[0m[ERROR] 
[8mha:////4JOSnVqr3aV9xt9dK4O2ctbA1F7ycyEPgk9BEPK8qQl3AAAAYB+LCAAAAAAAAP9b85aBtbiIQSmjNKU4P0+vJLE4u1gvPjexLDVPzxdEuhYV5Rf55ZekOlc7RKnPKH7IxMBQUcQgBdWQnJ9XnJ+TqucMoUEKGSCAEaSwAACsNFCqYAAAAA==[0m[ERROR] For more information about the errors and possible solutions, please read the following articles:
[8mha:////4JOSnVqr3aV9xt9dK4O2ctbA1F7ycyEPgk9BEPK8qQl3AAAAYB+LCAAAAAAAAP9b85aBtbiIQSmjNKU4P0+vJLE4u1gvPjexLDVPzxdEuhYV5Rf55ZekOlc7RKnPKH7IxMBQUcQgBdWQnJ9XnJ+TqucMoUEKGSCAEaSwAACsNFCqYAAAAA==[0m[ERROR] [Help 1] http://cwiki.apache.org/confluence/display/MAVEN/MojoExecutionException
[8mha:////4NkueKVYrgQrVcme9p6ewnhxzUEBG1YkEi3hkrg5RNLVAAAAaB+LCAAAAAAAAP9b85aBtbiIwTG/KF0vKzUvOzOvODlTryCnNB3I0ivPL8pOy8kv18vKT9JLzs8rzs9J1QuHCgaV5jlDhPzyS1IZIICRiYGhoohBKqM0pTg/D64Hh8ICAFt0h+h/AAAA[0m[Pipeline] }
WARN: Unable to locate 'report-task.txt' in the workspace. Did the SonarScanner succedeed?
[8mha:////4NkueKVYrgQrVcme9p6ewnhxzUEBG1YkEi3hkrg5RNLVAAAAaB+LCAAAAAAAAP9b85aBtbiIwTG/KF0vKzUvOzOvODlTryCnNB3I0ivPL8pOy8kv18vKT9JLzs8rzs9J1QuHCgaV5jlDhPzyS1IZIICRiYGhoohBKqM0pTg/D64Hh8ICAFt0h+h/AAAA[0m[Pipeline] // withSonarQubeEnv
[8mha:////4NkueKVYrgQrVcme9p6ewnhxzUEBG1YkEi3hkrg5RNLVAAAAaB+LCAAAAAAAAP9b85aBtbiIwTG/KF0vKzUvOzOvODlTryCnNB3I0ivPL8pOy8kv18vKT9JLzs8rzs9J1QuHCgaV5jlDhPzyS1IZIICRiYGhoohBKqM0pTg/D64Hh8ICAFt0h+h/AAAA[0m[Pipeline] }
[8mha:////4NkueKVYrgQrVcme9p6ewnhxzUEBG1YkEi3hkrg5RNLVAAAAaB+LCAAAAAAAAP9b85aBtbiIwTG/KF0vKzUvOzOvODlTryCnNB3I0ivPL8pOy8kv18vKT9JLzs8rzs9J1QuHCgaV5jlDhPzyS1IZIICRiYGhoohBKqM0pTg/D64Hh8ICAFt0h+h/AAAA[0m[Pipeline] // withMaven
[8mha:////4NkueKVYrgQrVcme9p6ewnhxzUEBG1YkEi3hkrg5RNLVAAAAaB+LCAAAAAAAAP9b85aBtbiIwTG/KF0vKzUvOzOvODlTryCnNB3I0ivPL8pOy8kv18vKT9JLzs8rzs9J1QuHCgaV5jlDhPzyS1IZIICRiYGhoohBKqM0pTg/D64Hh8ICAFt0h+h/AAAA[0m[Pipeline] }
[8mha:////4NkueKVYrgQrVcme9p6ewnhxzUEBG1YkEi3hkrg5RNLVAAAAaB+LCAAAAAAAAP9b85aBtbiIwTG/KF0vKzUvOzOvODlTryCnNB3I0ivPL8pOy8kv18vKT9JLzs8rzs9J1QuHCgaV5jlDhPzyS1IZIICRiYGhoohBKqM0pTg/D64Hh8ICAFt0h+h/AAAA[0m[Pipeline] // script
[8mha:////4NkueKVYrgQrVcme9p6ewnhxzUEBG1YkEi3hkrg5RNLVAAAAaB+LCAAAAAAAAP9b85aBtbiIwTG/KF0vKzUvOzOvODlTryCnNB3I0ivPL8pOy8kv18vKT9JLzs8rzs9J1QuHCgaV5jlDhPzyS1IZIICRiYGhoohBKqM0pTg/D64Hh8ICAFt0h+h/AAAA[0m[Pipeline] }
[8mha:////4NkueKVYrgQrVcme9p6ewnhxzUEBG1YkEi3hkrg5RNLVAAAAaB+LCAAAAAAAAP9b85aBtbiIwTG/KF0vKzUvOzOvODlTryCnNB3I0ivPL8pOy8kv18vKT9JLzs8rzs9J1QuHCgaV5jlDhPzyS1IZIICRiYGhoohBKqM0pTg/D64Hh8ICAFt0h+h/AAAA[0m[Pipeline] // stage
[8mha:////4NkueKVYrgQrVcme9p6ewnhxzUEBG1YkEi3hkrg5RNLVAAAAaB+LCAAAAAAAAP9b85aBtbiIwTG/KF0vKzUvOzOvODlTryCnNB3I0ivPL8pOy8kv18vKT9JLzs8rzs9J1QuHCgaV5jlDhPzyS1IZIICRiYGhoohBKqM0pTg/D64Hh8ICAFt0h+h/AAAA[0m[Pipeline] stage
[8mha:////4NkueKVYrgQrVcme9p6ewnhxzUEBG1YkEi3hkrg5RNLVAAAAaB+LCAAAAAAAAP9b85aBtbiIwTG/KF0vKzUvOzOvODlTryCnNB3I0ivPL8pOy8kv18vKT9JLzs8rzs9J1QuHCgaV5jlDhPzyS1IZIICRiYGhoohBKqM0pTg/D64Hh8ICAFt0h+h/AAAA[0m[Pipeline] { (Nexus Upload)
Stage 'Nexus Upload' skipped due to earlier failure(s)
[8mha:////4NkueKVYrgQrVcme9p6ewnhxzUEBG1YkEi3hkrg5RNLVAAAAaB+LCAAAAAAAAP9b85aBtbiIwTG/KF0vKzUvOzOvODlTryCnNB3I0ivPL8pOy8kv18vKT9JLzs8rzs9J1QuHCgaV5jlDhPzyS1IZIICRiYGhoohBKqM0pTg/D64Hh8ICAFt0h+h/AAAA[0m[Pipeline] }
[8mha:////4NkueKVYrgQrVcme9p6ewnhxzUEBG1YkEi3hkrg5RNLVAAAAaB+LCAAAAAAAAP9b85aBtbiIwTG/KF0vKzUvOzOvODlTryCnNB3I0ivPL8pOy8kv18vKT9JLzs8rzs9J1QuHCgaV5jlDhPzyS1IZIICRiYGhoohBKqM0pTg/D64Hh8ICAFt0h+h/AAAA[0m[Pipeline] // stage
[8mha:////4NkueKVYrgQrVcme9p6ewnhxzUEBG1YkEi3hkrg5RNLVAAAAaB+LCAAAAAAAAP9b85aBtbiIwTG/KF0vKzUvOzOvODlTryCnNB3I0ivPL8pOy8kv18vKT9JLzs8rzs9J1QuHCgaV5jlDhPzyS1IZIICRiYGhoohBKqM0pTg/D64Hh8ICAFt0h+h/AAAA[0m[Pipeline] }
[8mha:////4NkueKVYrgQrVcme9p6ewnhxzUEBG1YkEi3hkrg5RNLVAAAAaB+LCAAAAAAAAP9b85aBtbiIwTG/KF0vKzUvOzOvODlTryCnNB3I0ivPL8pOy8kv18vKT9JLzs8rzs9J1QuHCgaV5jlDhPzyS1IZIICRiYGhoohBKqM0pTg/D64Hh8ICAFt0h+h/AAAA[0m[Pipeline] // node
[8mha:////4NkueKVYrgQrVcme9p6ewnhxzUEBG1YkEi3hkrg5RNLVAAAAaB+LCAAAAAAAAP9b85aBtbiIwTG/KF0vKzUvOzOvODlTryCnNB3I0ivPL8pOy8kv18vKT9JLzs8rzs9J1QuHCgaV5jlDhPzyS1IZIICRiYGhoohBKqM0pTg/D64Hh8ICAFt0h+h/AAAA[0m[Pipeline] End of Pipeline
ERROR: script returned exit code 1
Finished: FAILURE
