Started by user [8mha:////4DnklqZ3UXiUKxo+R2fxZYS3gCTrm4aBUyBmLGs0b6mNAAAAlx+LCAAAAAAAAP9b85aBtbiIQTGjNKU4P08vOT+vOD8nVc83PyU1x6OyILUoJzMv2y+/JJUBAhiZGBgqihhk0NSjKDWzXb3RdlLBUSYGJk8GtpzUvPSSDB8G5tKinBIGIZ+sxLJE/ZzEvHT94JKizLx0a6BxUmjGOUNodHsLgAyuEgZu/dLi1CL9xJTczDwAEmIUecAAAAA=[0mAdmin User
Running in Durability level: MAX_SURVIVABILITY
[8mha:////4NkueKVYrgQrVcme9p6ewnhxzUEBG1YkEi3hkrg5RNLVAAAAaB+LCAAAAAAAAP9b85aBtbiIwTG/KF0vKzUvOzOvODlTryCnNB3I0ivPL8pOy8kv18vKT9JLzs8rzs9J1QuHCgaV5jlDhPzyS1IZIICRiYGhoohBKqM0pTg/D64Hh8ICAFt0h+h/AAAA[0m[Pipeline] node
Running on [8mha:////4IpUL76Inv85u0oD3kLw01+UpqW7/5TBe5hRE114sjG2AAAAnh+LCAAAAAAAAP9b85aBtbiIQTGjNKU4P08vOT+vOD8nVc83PyU1x6OyILUoJzMv2y+/JJUBAhiZGBgqihhk0NSjKDWzXb3RdlLBUSYGJk8GtpzUvPSSDB8G5tKinBIGIZ+sxLJE/ZzEvHT94JKizLx0a6BxUmjGOUNodHsLgAz2EgZh/eT83ILSktQifY3cxGIgrakPAHib2iPIAAAA[0mJenkins in /var/jenkins_home/jobs/Gameoflife/jobs/Gameoflife-Git/jobs/Gameoflife_CI/workspace
[8mha:////4NkueKVYrgQrVcme9p6ewnhxzUEBG1YkEi3hkrg5RNLVAAAAaB+LCAAAAAAAAP9b85aBtbiIwTG/KF0vKzUvOzOvODlTryCnNB3I0ivPL8pOy8kv18vKT9JLzs8rzs9J1QuHCgaV5jlDhPzyS1IZIICRiYGhoohBKqM0pTg/D64Hh8ICAFt0h+h/AAAA[0m[Pipeline] {
[8mha:////4NkueKVYrgQrVcme9p6ewnhxzUEBG1YkEi3hkrg5RNLVAAAAaB+LCAAAAAAAAP9b85aBtbiIwTG/KF0vKzUvOzOvODlTryCnNB3I0ivPL8pOy8kv18vKT9JLzs8rzs9J1QuHCgaV5jlDhPzyS1IZIICRiYGhoohBKqM0pTg/D64Hh8ICAFt0h+h/AAAA[0m[Pipeline] stage
[8mha:////4NkueKVYrgQrVcme9p6ewnhxzUEBG1YkEi3hkrg5RNLVAAAAaB+LCAAAAAAAAP9b85aBtbiIwTG/KF0vKzUvOzOvODlTryCnNB3I0ivPL8pOy8kv18vKT9JLzs8rzs9J1QuHCgaV5jlDhPzyS1IZIICRiYGhoohBKqM0pTg/D64Hh8ICAFt0h+h/AAAA[0m[Pipeline] { (git Checkout)
[8mha:////4NkueKVYrgQrVcme9p6ewnhxzUEBG1YkEi3hkrg5RNLVAAAAaB+LCAAAAAAAAP9b85aBtbiIwTG/KF0vKzUvOzOvODlTryCnNB3I0ivPL8pOy8kv18vKT9JLzs8rzs9J1QuHCgaV5jlDhPzyS1IZIICRiYGhoohBKqM0pTg/D64Hh8ICAFt0h+h/AAAA[0m[Pipeline] script
[8mha:////4NkueKVYrgQrVcme9p6ewnhxzUEBG1YkEi3hkrg5RNLVAAAAaB+LCAAAAAAAAP9b85aBtbiIwTG/KF0vKzUvOzOvODlTryCnNB3I0ivPL8pOy8kv18vKT9JLzs8rzs9J1QuHCgaV5jlDhPzyS1IZIICRiYGhoohBKqM0pTg/D64Hh8ICAFt0h+h/AAAA[0m[Pipeline] {
[8mha:////4NkueKVYrgQrVcme9p6ewnhxzUEBG1YkEi3hkrg5RNLVAAAAaB+LCAAAAAAAAP9b85aBtbiIwTG/KF0vKzUvOzOvODlTryCnNB3I0ivPL8pOy8kv18vKT9JLzs8rzs9J1QuHCgaV5jlDhPzyS1IZIICRiYGhoohBKqM0pTg/D64Hh8ICAFt0h+h/AAAA[0m[Pipeline] checkout
 > git rev-parse --is-inside-work-tree # timeout=10
Fetching changes from the remote Git repository
 > git config remote.origin.url http://52.66.103.232/gitlab/admin1/gameoflife.git # timeout=10
Fetching upstream changes from http://52.66.103.232/gitlab/admin1/gameoflife.git
 > git --version # timeout=10
using GIT_ASKPASS to set credentials svn
 > git fetch --tags --progress http://52.66.103.232/gitlab/admin1/gameoflife.git +refs/heads/*:refs/remotes/origin/*
 > git rev-parse refs/remotes/origin/master^{commit} # timeout=10
 > git rev-parse refs/remotes/origin/origin/master^{commit} # timeout=10
Checking out Revision 6da2870e9ed4d0ea58089c03c729c4859c6551c3 (refs/remotes/origin/master)
 > git config core.sparsecheckout # timeout=10
 > git checkout -f 6da2870e9ed4d0ea58089c03c729c4859c6551c3
Commit message: "Update pom.xml"
 > git rev-list --no-walk 6da2870e9ed4d0ea58089c03c729c4859c6551c3 # timeout=10
[8mha:////4NkueKVYrgQrVcme9p6ewnhxzUEBG1YkEi3hkrg5RNLVAAAAaB+LCAAAAAAAAP9b85aBtbiIwTG/KF0vKzUvOzOvODlTryCnNB3I0ivPL8pOy8kv18vKT9JLzs8rzs9J1QuHCgaV5jlDhPzyS1IZIICRiYGhoohBKqM0pTg/D64Hh8ICAFt0h+h/AAAA[0m[Pipeline] }
[8mha:////4NkueKVYrgQrVcme9p6ewnhxzUEBG1YkEi3hkrg5RNLVAAAAaB+LCAAAAAAAAP9b85aBtbiIwTG/KF0vKzUvOzOvODlTryCnNB3I0ivPL8pOy8kv18vKT9JLzs8rzs9J1QuHCgaV5jlDhPzyS1IZIICRiYGhoohBKqM0pTg/D64Hh8ICAFt0h+h/AAAA[0m[Pipeline] // script
[8mha:////4NkueKVYrgQrVcme9p6ewnhxzUEBG1YkEi3hkrg5RNLVAAAAaB+LCAAAAAAAAP9b85aBtbiIwTG/KF0vKzUvOzOvODlTryCnNB3I0ivPL8pOy8kv18vKT9JLzs8rzs9J1QuHCgaV5jlDhPzyS1IZIICRiYGhoohBKqM0pTg/D64Hh8ICAFt0h+h/AAAA[0m[Pipeline] }
[8mha:////4NkueKVYrgQrVcme9p6ewnhxzUEBG1YkEi3hkrg5RNLVAAAAaB+LCAAAAAAAAP9b85aBtbiIwTG/KF0vKzUvOzOvODlTryCnNB3I0ivPL8pOy8kv18vKT9JLzs8rzs9J1QuHCgaV5jlDhPzyS1IZIICRiYGhoohBKqM0pTg/D64Hh8ICAFt0h+h/AAAA[0m[Pipeline] // stage
[8mha:////4NkueKVYrgQrVcme9p6ewnhxzUEBG1YkEi3hkrg5RNLVAAAAaB+LCAAAAAAAAP9b85aBtbiIwTG/KF0vKzUvOzOvODlTryCnNB3I0ivPL8pOy8kv18vKT9JLzs8rzs9J1QuHCgaV5jlDhPzyS1IZIICRiYGhoohBKqM0pTg/D64Hh8ICAFt0h+h/AAAA[0m[Pipeline] stage
[8mha:////4NkueKVYrgQrVcme9p6ewnhxzUEBG1YkEi3hkrg5RNLVAAAAaB+LCAAAAAAAAP9b85aBtbiIwTG/KF0vKzUvOzOvODlTryCnNB3I0ivPL8pOy8kv18vKT9JLzs8rzs9J1QuHCgaV5jlDhPzyS1IZIICRiYGhoohBKqM0pTg/D64Hh8ICAFt0h+h/AAAA[0m[Pipeline] { (Maven Execution)
[8mha:////4NkueKVYrgQrVcme9p6ewnhxzUEBG1YkEi3hkrg5RNLVAAAAaB+LCAAAAAAAAP9b85aBtbiIwTG/KF0vKzUvOzOvODlTryCnNB3I0ivPL8pOy8kv18vKT9JLzs8rzs9J1QuHCgaV5jlDhPzyS1IZIICRiYGhoohBKqM0pTg/D64Hh8ICAFt0h+h/AAAA[0m[Pipeline] script
[8mha:////4NkueKVYrgQrVcme9p6ewnhxzUEBG1YkEi3hkrg5RNLVAAAAaB+LCAAAAAAAAP9b85aBtbiIwTG/KF0vKzUvOzOvODlTryCnNB3I0ivPL8pOy8kv18vKT9JLzs8rzs9J1QuHCgaV5jlDhPzyS1IZIICRiYGhoohBKqM0pTg/D64Hh8ICAFt0h+h/AAAA[0m[Pipeline] {
[8mha:////4NkueKVYrgQrVcme9p6ewnhxzUEBG1YkEi3hkrg5RNLVAAAAaB+LCAAAAAAAAP9b85aBtbiIwTG/KF0vKzUvOzOvODlTryCnNB3I0ivPL8pOy8kv18vKT9JLzs8rzs9J1QuHCgaV5jlDhPzyS1IZIICRiYGhoohBKqM0pTg/D64Hh8ICAFt0h+h/AAAA[0m[Pipeline] withMaven
[withMaven] Options: []
[withMaven] Available options: 
[withMaven] using JDK installation jdk8
[withMaven] using Maven installation 'Maven'
[8mha:////4NkueKVYrgQrVcme9p6ewnhxzUEBG1YkEi3hkrg5RNLVAAAAaB+LCAAAAAAAAP9b85aBtbiIwTG/KF0vKzUvOzOvODlTryCnNB3I0ivPL8pOy8kv18vKT9JLzs8rzs9J1QuHCgaV5jlDhPzyS1IZIICRiYGhoohBKqM0pTg/D64Hh8ICAFt0h+h/AAAA[0m[Pipeline] {
[8mha:////4NkueKVYrgQrVcme9p6ewnhxzUEBG1YkEi3hkrg5RNLVAAAAaB+LCAAAAAAAAP9b85aBtbiIwTG/KF0vKzUvOzOvODlTryCnNB3I0ivPL8pOy8kv18vKT9JLzs8rzs9J1QuHCgaV5jlDhPzyS1IZIICRiYGhoohBKqM0pTg/D64Hh8ICAFt0h+h/AAAA[0m[Pipeline] withSonarQubeEnv
Injecting SonarQube environment variables using the configuration: Sonar
[8mha:////4NkueKVYrgQrVcme9p6ewnhxzUEBG1YkEi3hkrg5RNLVAAAAaB+LCAAAAAAAAP9b85aBtbiIwTG/KF0vKzUvOzOvODlTryCnNB3I0ivPL8pOy8kv18vKT9JLzs8rzs9J1QuHCgaV5jlDhPzyS1IZIICRiYGhoohBKqM0pTg/D64Hh8ICAFt0h+h/AAAA[0m[Pipeline] {
[8mha:////4NkueKVYrgQrVcme9p6ewnhxzUEBG1YkEi3hkrg5RNLVAAAAaB+LCAAAAAAAAP9b85aBtbiIwTG/KF0vKzUvOzOvODlTryCnNB3I0ivPL8pOy8kv18vKT9JLzs8rzs9J1QuHCgaV5jlDhPzyS1IZIICRiYGhoohBKqM0pTg/D64Hh8ICAFt0h+h/AAAA[0m[Pipeline] sh
[workspace] Running shell script
+ mvn clean install sonar:sonar -Dsonar.host.url=http://sonar:9000/sonar/ -Dsonar.login=admin -Dsonar.password=admin -Dsonar.dynamicAnalysis=true
----- withMaven Wrapper script -----
Picked up JAVA_TOOL_OPTIONS: -Dmaven.ext.class.path="/var/jenkins_home/jobs/Gameoflife/jobs/Gameoflife-Git/jobs/Gameoflife_CI/workspace@tmp/withMavend8afad8e/pipeline-maven-spy.jar" -Dorg.jenkinsci.plugins.pipeline.maven.reportsFolder="/var/jenkins_home/jobs/Gameoflife/jobs/Gameoflife-Git/jobs/Gameoflife_CI/workspace@tmp/withMavend8afad8e" 
Apache Maven 3.0.5 (r01de14724cdef164cd33c7c8c2fe155faf9602da; 2013-02-19 13:51:28+0000)
Maven home: /var/jenkins_home/tools/hudson.tasks.Maven_MavenInstallation/Maven
Java version: 1.8.0_221, vendor: Oracle Corporation
Java home: /var/jenkins_home/tools/hudson.model.JDK/jdk8/jre
Default locale: en, platform encoding: UTF-8
OS name: "linux", version: "4.4.0-1099-aws", arch: "amd64", family: "unix"
[INFO] Scanning for projects...
[INFO]                                                                         
[INFO] ------------------------------------------------------------------------
[INFO] Building gameoflife 0.0.1
[INFO] ------------------------------------------------------------------------
[INFO] 
[8mha:////4EncEGxAP9fd5eYU28kBvvUyV2myMg+8S1yx4wBe/f3MAAAAYB+LCAAAAAAAAP9b85aBtbiIQSmjNKU4P0+vJLE4u1gvPjexLDVPzxdEGvvmZ+X75ZekLlOVfvTjc8FPJgaGiiIGKaiG5Py84vycVD1nCA1SyAABjCCFBQCV27OjYAAAAA==[0m[INFO] --- maven-clean-plugin:2.5:clean (default-clean) @ gameoflife ---
[INFO] Deleting /var/jenkins_home/jobs/Gameoflife/jobs/Gameoflife-Git/jobs/Gameoflife_CI/workspace/target
[INFO] 
[8mha:////4EncEGxAP9fd5eYU28kBvvUyV2myMg+8S1yx4wBe/f3MAAAAYB+LCAAAAAAAAP9b85aBtbiIQSmjNKU4P0+vJLE4u1gvPjexLDVPzxdEGvvmZ+X75ZekLlOVfvTjc8FPJgaGiiIGKaiG5Py84vycVD1nCA1SyAABjCCFBQCV27OjYAAAAA==[0m[INFO] --- maven-resources-plugin:2.6:resources (default-resources) @ gameoflife ---
[INFO] Using 'UTF-8' encoding to copy filtered resources.
[INFO] Copying 0 resource
[INFO] Copying 2 resources
[INFO] 
[8mha:////4EncEGxAP9fd5eYU28kBvvUyV2myMg+8S1yx4wBe/f3MAAAAYB+LCAAAAAAAAP9b85aBtbiIQSmjNKU4P0+vJLE4u1gvPjexLDVPzxdEGvvmZ+X75ZekLlOVfvTjc8FPJgaGiiIGKaiG5Py84vycVD1nCA1SyAABjCCFBQCV27OjYAAAAA==[0m[INFO] --- maven-compiler-plugin:3.3:compile (default-compile) @ gameoflife ---
[INFO] Changes detected - recompiling the module!
[INFO] Compiling 6 source files to /var/jenkins_home/jobs/Gameoflife/jobs/Gameoflife-Git/jobs/Gameoflife_CI/workspace/target/classes
[INFO] 
[8mha:////4EncEGxAP9fd5eYU28kBvvUyV2myMg+8S1yx4wBe/f3MAAAAYB+LCAAAAAAAAP9b85aBtbiIQSmjNKU4P0+vJLE4u1gvPjexLDVPzxdEGvvmZ+X75ZekLlOVfvTjc8FPJgaGiiIGKaiG5Py84vycVD1nCA1SyAABjCCFBQCV27OjYAAAAA==[0m[INFO] --- maven-resources-plugin:2.6:testResources (default-testResources) @ gameoflife ---
[INFO] Using 'UTF-8' encoding to copy filtered resources.
[INFO] Copying 2 resources
[INFO] 
[8mha:////4EncEGxAP9fd5eYU28kBvvUyV2myMg+8S1yx4wBe/f3MAAAAYB+LCAAAAAAAAP9b85aBtbiIQSmjNKU4P0+vJLE4u1gvPjexLDVPzxdEGvvmZ+X75ZekLlOVfvTjc8FPJgaGiiIGKaiG5Py84vycVD1nCA1SyAABjCCFBQCV27OjYAAAAA==[0m[INFO] --- maven-compiler-plugin:3.3:testCompile (default-testCompile) @ gameoflife ---
[INFO] Changes detected - recompiling the module!
[INFO] Compiling 5 source files to /var/jenkins_home/jobs/Gameoflife/jobs/Gameoflife-Git/jobs/Gameoflife_CI/workspace/target/test-classes
[INFO] 
[8mha:////4EncEGxAP9fd5eYU28kBvvUyV2myMg+8S1yx4wBe/f3MAAAAYB+LCAAAAAAAAP9b85aBtbiIQSmjNKU4P0+vJLE4u1gvPjexLDVPzxdEGvvmZ+X75ZekLlOVfvTjc8FPJgaGiiIGKaiG5Py84vycVD1nCA1SyAABjCCFBQCV27OjYAAAAA==[0m[INFO] --- maven-surefire-plugin:2.18.1:test (default-test) @ gameoflife ---
[INFO] Surefire report directory: /var/jenkins_home/jobs/Gameoflife/jobs/Gameoflife-Git/jobs/Gameoflife_CI/workspace/target/surefire-reports

-------------------------------------------------------
 T E S T S
-------------------------------------------------------
Picked up JAVA_TOOL_OPTIONS: -Dmaven.ext.class.path="/var/jenkins_home/jobs/Gameoflife/jobs/Gameoflife-Git/jobs/Gameoflife_CI/workspace@tmp/withMavend8afad8e/pipeline-maven-spy.jar" -Dorg.jenkinsci.plugins.pipeline.maven.reportsFolder="/var/jenkins_home/jobs/Gameoflife/jobs/Gameoflife-Git/jobs/Gameoflife_CI/workspace@tmp/withMavend8afad8e" 
Running be.cegeka.status.StatusControllerIntegrationTest
Tests run: 1, Failures: 0, Errors: 0, Skipped: 0, Time elapsed: 2.369 sec - in be.cegeka.status.StatusControllerIntegrationTest
Running be.cegeka.status.StatusControllerTest
Tests run: 1, Failures: 0, Errors: 0, Skipped: 0, Time elapsed: 0.02 sec - in be.cegeka.status.StatusControllerTest
Running be.cegeka.gameoflife.GameOfLifeControllerIntegrationTest
Tests run: 1, Failures: 0, Errors: 0, Skipped: 0, Time elapsed: 0.07 sec - in be.cegeka.gameoflife.GameOfLifeControllerIntegrationTest
Running be.cegeka.fizzbuzz.FizzBuzzServiceTest
Tests run: 3, Failures: 0, Errors: 0, Skipped: 0, Time elapsed: 0.063 sec - in be.cegeka.fizzbuzz.FizzBuzzServiceTest
Running be.cegeka.GameoflifeApplicationTests

  _______      ___      .___  ___.  _______      ______    _______     __       __   _______  _______
 /  _____|    /   \     |   \/   | |   ____|    /  __  \  |   ____|   |  |     |  | |   ____||   ____|
|  |  __     /  ^  \    |  \  /  | |  |__      |  |  |  | |  |__      |  |     |  | |  |__   |  |__
|  | |_ |   /  /_\  \   |  |\/|  | |   __|     |  |  |  | |   __|     |  |     |  | |   __|  |   __|
|  |__| |  /  _____  \  |  |  |  | |  |____    |  `--'  | |  |        |  `----.|  | |  |     |  |____
 \______| /__/     \__\ |__|  |__| |_______|    \______/  |__|        |_______||__| |__|     |_______|

[INFO] be.cegeka.GameoflifeApplicationTests - Starting GameoflifeApplicationTests on 99d2ca51e6d3 with PID 15488 (/var/jenkins_home/jobs/Gameoflife/jobs/Gameoflife-Git/jobs/Gameoflife_CI/workspace/target/test-classes started by jenkins in /var/jenkins_home/jobs/Gameoflife/jobs/Gameoflife-Git/jobs/Gameoflife_CI/workspace)
[DEBUG] be.cegeka.GameoflifeApplicationTests - Running with Spring Boot v1.3.0.RELEASE, Spring v4.2.3.RELEASE
[INFO] be.cegeka.GameoflifeApplicationTests - No profiles are active
[INFO] be.cegeka.GameoflifeApplicationTests - Started GameoflifeApplicationTests in 0.766 seconds (JVM running for 4.073)
Tests run: 1, Failures: 0, Errors: 0, Skipped: 0, Time elapsed: 0.8 sec - in be.cegeka.GameoflifeApplicationTests

Results :

Tests run: 7, Failures: 0, Errors: 0, Skipped: 0

[INFO] 
[8mha:////4EncEGxAP9fd5eYU28kBvvUyV2myMg+8S1yx4wBe/f3MAAAAYB+LCAAAAAAAAP9b85aBtbiIQSmjNKU4P0+vJLE4u1gvPjexLDVPzxdEGvvmZ+X75ZekLlOVfvTjc8FPJgaGiiIGKaiG5Py84vycVD1nCA1SyAABjCCFBQCV27OjYAAAAA==[0m[INFO] --- maven-war-plugin:2.5:war (default-war) @ gameoflife ---
[INFO] Packaging webapp
[INFO] Assembling webapp [gameoflife] in [/var/jenkins_home/jobs/Gameoflife/jobs/Gameoflife-Git/jobs/Gameoflife_CI/workspace/target/gameoflife-0.0.1]
[INFO] Processing war project
[INFO] Copying webapp resources [/var/jenkins_home/jobs/Gameoflife/jobs/Gameoflife-Git/jobs/Gameoflife_CI/workspace/src/main/webapp]
[INFO] Webapp assembled in [285 msecs]
[INFO] Building war: /var/jenkins_home/jobs/Gameoflife/jobs/Gameoflife-Git/jobs/Gameoflife_CI/workspace/target/gameoflife-0.0.1.war
[INFO] 
[8mha:////4EncEGxAP9fd5eYU28kBvvUyV2myMg+8S1yx4wBe/f3MAAAAYB+LCAAAAAAAAP9b85aBtbiIQSmjNKU4P0+vJLE4u1gvPjexLDVPzxdEGvvmZ+X75ZekLlOVfvTjc8FPJgaGiiIGKaiG5Py84vycVD1nCA1SyAABjCCFBQCV27OjYAAAAA==[0m[INFO] --- spring-boot-maven-plugin:1.3.0.RELEASE:repackage (default) @ gameoflife ---
[INFO] 
[8mha:////4EncEGxAP9fd5eYU28kBvvUyV2myMg+8S1yx4wBe/f3MAAAAYB+LCAAAAAAAAP9b85aBtbiIQSmjNKU4P0+vJLE4u1gvPjexLDVPzxdEGvvmZ+X75ZekLlOVfvTjc8FPJgaGiiIGKaiG5Py84vycVD1nCA1SyAABjCCFBQCV27OjYAAAAA==[0m[INFO] --- maven-install-plugin:2.5.2:install (default-install) @ gameoflife ---
[INFO] Installing /var/jenkins_home/jobs/Gameoflife/jobs/Gameoflife-Git/jobs/Gameoflife_CI/workspace/target/gameoflife-0.0.1.war to /var/jenkins_home/.m2/repository/be/cegeka/gameoflife/0.0.1/gameoflife-0.0.1.war
[INFO] Installing /var/jenkins_home/jobs/Gameoflife/jobs/Gameoflife-Git/jobs/Gameoflife_CI/workspace/pom.xml to /var/jenkins_home/.m2/repository/be/cegeka/gameoflife/0.0.1/gameoflife-0.0.1.pom
[INFO]                                                                         
[INFO] ------------------------------------------------------------------------
[INFO] Building gameoflife 0.0.1
[INFO] ------------------------------------------------------------------------
[INFO] 
[8mha:////4EncEGxAP9fd5eYU28kBvvUyV2myMg+8S1yx4wBe/f3MAAAAYB+LCAAAAAAAAP9b85aBtbiIQSmjNKU4P0+vJLE4u1gvPjexLDVPzxdEGvvmZ+X75ZekLlOVfvTjc8FPJgaGiiIGKaiG5Py84vycVD1nCA1SyAABjCCFBQCV27OjYAAAAA==[0m[INFO] --- sonar-maven-plugin:3.0.2:sonar (default-cli) @ gameoflife ---
[INFO] User cache: /var/jenkins_home/.sonar/cache
[INFO] Publish mode
[INFO] Load global settings
[INFO] Load global settings (done) | time=203ms
[INFO] Server id: AW7FRxMcHZvLtA793kCC
[INFO] User cache: /var/jenkins_home/.sonar/cache
[INFO] Load plugins index
[INFO] Load plugins index (done) | time=80ms
[INFO] SonarQube version: 6.7.2
[INFO] Default locale: "en", source code encoding: "UTF-8"
[INFO] Process project properties
[INFO] Load project repositories
[INFO] Load project repositories (done) | time=164ms
[INFO] Load quality profiles
[INFO] Load quality profiles (done) | time=72ms
[INFO] Load active rules
[INFO] Load active rules (done) | time=1181ms
[INFO] Load metrics repository
[INFO] Load metrics repository (done) | time=49ms
[INFO] Project key: be.cegeka:gameoflife
[INFO] -------------  Scan gameoflife
[INFO] Base dir: /var/jenkins_home/jobs/Gameoflife/jobs/Gameoflife-Git/jobs/Gameoflife_CI/workspace
[INFO] Working dir: /var/jenkins_home/jobs/Gameoflife/jobs/Gameoflife-Git/jobs/Gameoflife_CI/workspace/target/sonar
[INFO] Source paths: src/main/webapp, pom.xml, src/main/java, target/generated-sources/annotations
[INFO] Test paths: src/test/java, target/generated-test-sources/test-annotations
[INFO] Source encoding: UTF-8, default locale: en
[INFO] Load server rules
[INFO] Load server rules (done) | time=105ms
[INFO] Index files
[INFO] 658 files indexed
[INFO] Quality profile for css: SonarQube Way
[INFO] Quality profile for java: Sonar way
[INFO] Quality profile for js: Sonar way
[INFO] Quality profile for ts: Sonar way
[INFO] Quality profile for web: Sonar way
[INFO] Quality profile for xml: Sonar way
[INFO] Sensor JavaSquidSensor [java]
[INFO] Configured Java source version (sonar.java.source): 8
[INFO] JavaClasspath initialization
[INFO] JavaClasspath initialization (done) | time=11ms
[INFO] JavaTestClasspath initialization
[INFO] JavaTestClasspath initialization (done) | time=3ms
[INFO] Java Main Files AST scan
[INFO] 6 source files to be analyzed
[INFO] 6/6 source files have been analyzed
[INFO] Java Main Files AST scan (done) | time=867ms
[INFO] Java Test Files AST scan
[INFO] 5 source files to be analyzed
[INFO] 5/5 source files have been analyzed
[INFO] Java Test Files AST scan (done) | time=284ms
[INFO] Sensor JavaSquidSensor [java] (done) | time=2075ms
[INFO] Sensor XmlSensor [xml]
[8mha:////4AeKCUE/ypWg/ZjQW1Qm5pihFOW+tjYE5fs+aUyPQqITAAAAYx+LCAAAAAAAAP9b85aBtbiIQSWjNKU4P0+vJLE4u1gvPjexLDVPzxdEhicW5WXmpfvll6S2fNly5fzGzauYGBgqihikoFqS8/OK83NS9ZwhNEghAwQwghQWAACwxA+XYgAAAA==[0m[WARNING] Metric 'lines' is an internal metric computed by SonarQube. Provided value is ignored.
[INFO] Sensor XmlSensor [xml] (done) | time=256ms
[INFO] Sensor CSS Squid Sensor [css]
[INFO] 25 source files to be analyzed
[INFO] File /var/jenkins_home/jobs/Gameoflife/jobs/Gameoflife-Git/jobs/Gameoflife_CI/workspace/src/main/webapp/bower_components/angular-loading-bar/build/loading-bar.min.css is excluded from the analysis.
[INFO] File /var/jenkins_home/jobs/Gameoflife/jobs/Gameoflife-Git/jobs/Gameoflife_CI/workspace/src/main/webapp/bower_components/bootstrap/dist/css/bootstrap-theme.min.css is excluded from the analysis.
[INFO] File /var/jenkins_home/jobs/Gameoflife/jobs/Gameoflife-Git/jobs/Gameoflife_CI/workspace/src/main/webapp/bower_components/bootstrap/dist/css/bootstrap.min.css is excluded from the analysis.
[INFO] Sensor CSS Squid Sensor [css] (done) | time=3354ms
[INFO] 25/25 source files have been analyzed
[INFO] Sensor JavaScript Squid Sensor [javascript]
[INFO] 341 source files to be analyzed
[INFO] 34/341 files analyzed, current file: /var/jenkins_home/jobs/Gameoflife/jobs/Gameoflife-Git/jobs/Gameoflife_CI/workspace/src/main/webapp/bower_components/angular-scenario/angular-scenario.js
[INFO] 74/341 files analyzed, current file: /var/jenkins_home/jobs/Gameoflife/jobs/Gameoflife-Git/jobs/Gameoflife_CI/workspace/src/main/webapp/bower_components/jquery/dist/jquery.js
[8mha:////4JOSnVqr3aV9xt9dK4O2ctbA1F7ycyEPgk9BEPK8qQl3AAAAYB+LCAAAAAAAAP9b85aBtbiIQSmjNKU4P0+vJLE4u1gvPjexLDVPzxdEuhYV5Rf55ZekOlc7RKnPKH7IxMBQUcQgBdWQnJ9XnJ+TqucMoUEKGSCAEaSwAACsNFCqYAAAAA==[0m[ERROR] Unable to parse file: /var/jenkins_home/jobs/Gameoflife/jobs/Gameoflife-Git/jobs/Gameoflife_CI/workspace/src/main/webapp/bower_components/jquery/src/intro.js
[8mha:////4JOSnVqr3aV9xt9dK4O2ctbA1F7ycyEPgk9BEPK8qQl3AAAAYB+LCAAAAAAAAP9b85aBtbiIQSmjNKU4P0+vJLE4u1gvPjexLDVPzxdEuhYV5Rf55ZekOlc7RKnPKH7IxMBQUcQgBdWQnJ9XnJ+TqucMoUEKGSCAEaSwAACsNFCqYAAAAA==[0m[ERROR] Parse error at line 45 column 1:

35:  }
36: 
37: // Pass this if window is not defined yet
38: }(typeof window !== "undefined" ? window : this, function( window, noGlobal ) {
39: 
40: // Support: Firefox 18+
41: // Can't be in strict mode, several libs including ASP.NET trace
42: // the stack via arguments.caller.callee and Firefox dies if
43: // you try to trace through "use strict" call chains. (#13335)
44: //"use strict";
45: 
    ^

[8mha:////4JOSnVqr3aV9xt9dK4O2ctbA1F7ycyEPgk9BEPK8qQl3AAAAYB+LCAAAAAAAAP9b85aBtbiIQSmjNKU4P0+vJLE4u1gvPjexLDVPzxdEuhYV5Rf55ZekOlc7RKnPKH7IxMBQUcQgBdWQnJ9XnJ+TqucMoUEKGSCAEaSwAACsNFCqYAAAAA==[0m[ERROR] Unable to parse file: /var/jenkins_home/jobs/Gameoflife/jobs/Gameoflife-Git/jobs/Gameoflife_CI/workspace/src/main/webapp/bower_components/jquery/src/outro.js
[8mha:////4JOSnVqr3aV9xt9dK4O2ctbA1F7ycyEPgk9BEPK8qQl3AAAAYB+LCAAAAAAAAP9b85aBtbiIQSmjNKU4P0+vJLE4u1gvPjexLDVPzxdEuhYV5Rf55ZekOlc7RKnPKH7IxMBQUcQgBdWQnJ9XnJ+TqucMoUEKGSCAEaSwAACsNFCqYAAAAA==[0m[ERROR] Parse error at line 1 column 1:

1: }));
   ^
2: 

[INFO] 305/341 files analyzed, current file: /var/jenkins_home/jobs/Gameoflife/jobs/Gameoflife-Git/jobs/Gameoflife_CI/workspace/src/main/webapp/bower_components/swagger-ui/dist/swagger-ui.js
[INFO] Unit Test Coverage Sensor is started
[INFO] 341/341 source files have been analyzed
[INFO] Integration Test Coverage Sensor is started
[INFO] Overall Coverage Sensor is started
[INFO] Sensor JavaScript Squid Sensor [javascript] (done) | time=38884ms
[INFO] Sensor FindBugs Sensor [findbugs]
[INFO] Loading findbugs plugin: /var/jenkins_home/jobs/Gameoflife/jobs/Gameoflife-Git/jobs/Gameoflife_CI/workspace/target/sonar/findbugs/findsecbugs-plugin.jar
[INFO] Findbugs output report: /var/jenkins_home/jobs/Gameoflife/jobs/Gameoflife-Git/jobs/Gameoflife_CI/workspace/target/sonar/findbugs-result.xml
[INFO] Sensor FindBugs Sensor [findbugs] (done) | time=3093ms
[INFO] Sensor SurefireSensor [java]
[INFO] Property 'sonar.junit.reportsPath' is deprecated. Use property 'sonar.junit.reportPaths' instead.
[INFO] parsing [/var/jenkins_home/jobs/Gameoflife/jobs/Gameoflife-Git/jobs/Gameoflife_CI/workspace/target/surefire-reports]
[INFO] Sensor SurefireSensor [java] (done) | time=38ms
[INFO] Sensor JaCoCoSensor [java]
[INFO] Sensor JaCoCoSensor [java] (done) | time=1ms
[INFO] Sensor SonarJavaXmlFileSensor [java]
[INFO] 1 source files to be analyzed
[INFO] Sensor SonarJavaXmlFileSensor [java] (done) | time=466ms
[INFO] 1/1 source files have been analyzed
[INFO] Sensor Web [web]
[INFO] Sensor Web [web] (done) | time=342ms
[INFO] Sensor Analyzer for "php.ini" files [php]
[INFO] Sensor Analyzer for "php.ini" files [php] (done) | time=4ms
[INFO] Sensor TypeScript Sensor [typescript]
[8mha:////4JOSnVqr3aV9xt9dK4O2ctbA1F7ycyEPgk9BEPK8qQl3AAAAYB+LCAAAAAAAAP9b85aBtbiIQSmjNKU4P0+vJLE4u1gvPjexLDVPzxdEuhYV5Rf55ZekOlc7RKnPKH7IxMBQUcQgBdWQnJ9XnJ+TqucMoUEKGSCAEaSwAACsNFCqYAAAAA==[0m[ERROR] No TypeScript compiler found in your project, analysis of typescript files is aborted
[INFO] Sensor TypeScript Sensor [typescript] (done) | time=28ms
[INFO] Sensor TypeScript LCOV Coverage Sensor [typescript]
[INFO] Sensor TypeScript LCOV Coverage Sensor [typescript] (done) | time=2ms
[INFO] Sensor Zero Coverage Sensor
[INFO] Sensor Zero Coverage Sensor (done) | time=150ms
[INFO] Sensor CPD Block Indexer
[INFO] Sensor CPD Block Indexer (done) | time=19ms
[INFO] SCM provider for this project is: git
[INFO] 397 files to be analyzed
[INFO] 397/397 files analyzed
[INFO] 139 files had no CPD blocks
[INFO] Calculating CPD for 206 files
[INFO] CPD calculation finished
[INFO] Analysis report generated in 989ms, dir size=17 MB
[INFO] Analysis reports compressed in 1317ms, zip size=5 MB
[INFO] ------------------------------------------------------------------------
[INFO] BUILD FAILURE
[INFO] ------------------------------------------------------------------------
[INFO] Total time: 1:11.941s
[INFO] Finished at: Tue Dec 10 09:40:25 UTC 2019
[INFO] Final Memory: 92M/1975M
[INFO] ------------------------------------------------------------------------
[8mha:////4JOSnVqr3aV9xt9dK4O2ctbA1F7ycyEPgk9BEPK8qQl3AAAAYB+LCAAAAAAAAP9b85aBtbiIQSmjNKU4P0+vJLE4u1gvPjexLDVPzxdEuhYV5Rf55ZekOlc7RKnPKH7IxMBQUcQgBdWQnJ9XnJ+TqucMoUEKGSCAEaSwAACsNFCqYAAAAA==[0m[ERROR] Failed to execute goal org.sonarsource.scanner.maven:sonar-maven-plugin:3.0.2:sonar (default-cli) on project gameoflife: Failed to upload report - 500: An error has occurred. Please contact your administrator -> [Help 1]
[8mha:////4JOSnVqr3aV9xt9dK4O2ctbA1F7ycyEPgk9BEPK8qQl3AAAAYB+LCAAAAAAAAP9b85aBtbiIQSmjNKU4P0+vJLE4u1gvPjexLDVPzxdEuhYV5Rf55ZekOlc7RKnPKH7IxMBQUcQgBdWQnJ9XnJ+TqucMoUEKGSCAEaSwAACsNFCqYAAAAA==[0m[ERROR] 
[8mha:////4JOSnVqr3aV9xt9dK4O2ctbA1F7ycyEPgk9BEPK8qQl3AAAAYB+LCAAAAAAAAP9b85aBtbiIQSmjNKU4P0+vJLE4u1gvPjexLDVPzxdEuhYV5Rf55ZekOlc7RKnPKH7IxMBQUcQgBdWQnJ9XnJ+TqucMoUEKGSCAEaSwAACsNFCqYAAAAA==[0m[ERROR] To see the full stack trace of the errors, re-run Maven with the -e switch.
[8mha:////4JOSnVqr3aV9xt9dK4O2ctbA1F7ycyEPgk9BEPK8qQl3AAAAYB+LCAAAAAAAAP9b85aBtbiIQSmjNKU4P0+vJLE4u1gvPjexLDVPzxdEuhYV5Rf55ZekOlc7RKnPKH7IxMBQUcQgBdWQnJ9XnJ+TqucMoUEKGSCAEaSwAACsNFCqYAAAAA==[0m[ERROR] Re-run Maven using the -X switch to enable full debug logging.
[8mha:////4JOSnVqr3aV9xt9dK4O2ctbA1F7ycyEPgk9BEPK8qQl3AAAAYB+LCAAAAAAAAP9b85aBtbiIQSmjNKU4P0+vJLE4u1gvPjexLDVPzxdEuhYV5Rf55ZekOlc7RKnPKH7IxMBQUcQgBdWQnJ9XnJ+TqucMoUEKGSCAEaSwAACsNFCqYAAAAA==[0m[ERROR] 
[8mha:////4JOSnVqr3aV9xt9dK4O2ctbA1F7ycyEPgk9BEPK8qQl3AAAAYB+LCAAAAAAAAP9b85aBtbiIQSmjNKU4P0+vJLE4u1gvPjexLDVPzxdEuhYV5Rf55ZekOlc7RKnPKH7IxMBQUcQgBdWQnJ9XnJ+TqucMoUEKGSCAEaSwAACsNFCqYAAAAA==[0m[ERROR] For more information about the errors and possible solutions, please read the following articles:
[8mha:////4JOSnVqr3aV9xt9dK4O2ctbA1F7ycyEPgk9BEPK8qQl3AAAAYB+LCAAAAAAAAP9b85aBtbiIQSmjNKU4P0+vJLE4u1gvPjexLDVPzxdEuhYV5Rf55ZekOlc7RKnPKH7IxMBQUcQgBdWQnJ9XnJ+TqucMoUEKGSCAEaSwAACsNFCqYAAAAA==[0m[ERROR] [Help 1] http://cwiki.apache.org/confluence/display/MAVEN/MojoExecutionException
[8mha:////4NkueKVYrgQrVcme9p6ewnhxzUEBG1YkEi3hkrg5RNLVAAAAaB+LCAAAAAAAAP9b85aBtbiIwTG/KF0vKzUvOzOvODlTryCnNB3I0ivPL8pOy8kv18vKT9JLzs8rzs9J1QuHCgaV5jlDhPzyS1IZIICRiYGhoohBKqM0pTg/D64Hh8ICAFt0h+h/AAAA[0m[Pipeline] }
WARN: Unable to locate 'report-task.txt' in the workspace. Did the SonarScanner succedeed?
[8mha:////4NkueKVYrgQrVcme9p6ewnhxzUEBG1YkEi3hkrg5RNLVAAAAaB+LCAAAAAAAAP9b85aBtbiIwTG/KF0vKzUvOzOvODlTryCnNB3I0ivPL8pOy8kv18vKT9JLzs8rzs9J1QuHCgaV5jlDhPzyS1IZIICRiYGhoohBKqM0pTg/D64Hh8ICAFt0h+h/AAAA[0m[Pipeline] // withSonarQubeEnv
[8mha:////4NkueKVYrgQrVcme9p6ewnhxzUEBG1YkEi3hkrg5RNLVAAAAaB+LCAAAAAAAAP9b85aBtbiIwTG/KF0vKzUvOzOvODlTryCnNB3I0ivPL8pOy8kv18vKT9JLzs8rzs9J1QuHCgaV5jlDhPzyS1IZIICRiYGhoohBKqM0pTg/D64Hh8ICAFt0h+h/AAAA[0m[Pipeline] }
[8mha:////4NkueKVYrgQrVcme9p6ewnhxzUEBG1YkEi3hkrg5RNLVAAAAaB+LCAAAAAAAAP9b85aBtbiIwTG/KF0vKzUvOzOvODlTryCnNB3I0ivPL8pOy8kv18vKT9JLzs8rzs9J1QuHCgaV5jlDhPzyS1IZIICRiYGhoohBKqM0pTg/D64Hh8ICAFt0h+h/AAAA[0m[Pipeline] // withMaven
[8mha:////4NkueKVYrgQrVcme9p6ewnhxzUEBG1YkEi3hkrg5RNLVAAAAaB+LCAAAAAAAAP9b85aBtbiIwTG/KF0vKzUvOzOvODlTryCnNB3I0ivPL8pOy8kv18vKT9JLzs8rzs9J1QuHCgaV5jlDhPzyS1IZIICRiYGhoohBKqM0pTg/D64Hh8ICAFt0h+h/AAAA[0m[Pipeline] }
[8mha:////4NkueKVYrgQrVcme9p6ewnhxzUEBG1YkEi3hkrg5RNLVAAAAaB+LCAAAAAAAAP9b85aBtbiIwTG/KF0vKzUvOzOvODlTryCnNB3I0ivPL8pOy8kv18vKT9JLzs8rzs9J1QuHCgaV5jlDhPzyS1IZIICRiYGhoohBKqM0pTg/D64Hh8ICAFt0h+h/AAAA[0m[Pipeline] // script
[8mha:////4NkueKVYrgQrVcme9p6ewnhxzUEBG1YkEi3hkrg5RNLVAAAAaB+LCAAAAAAAAP9b85aBtbiIwTG/KF0vKzUvOzOvODlTryCnNB3I0ivPL8pOy8kv18vKT9JLzs8rzs9J1QuHCgaV5jlDhPzyS1IZIICRiYGhoohBKqM0pTg/D64Hh8ICAFt0h+h/AAAA[0m[Pipeline] }
[8mha:////4NkueKVYrgQrVcme9p6ewnhxzUEBG1YkEi3hkrg5RNLVAAAAaB+LCAAAAAAAAP9b85aBtbiIwTG/KF0vKzUvOzOvODlTryCnNB3I0ivPL8pOy8kv18vKT9JLzs8rzs9J1QuHCgaV5jlDhPzyS1IZIICRiYGhoohBKqM0pTg/D64Hh8ICAFt0h+h/AAAA[0m[Pipeline] // stage
[8mha:////4NkueKVYrgQrVcme9p6ewnhxzUEBG1YkEi3hkrg5RNLVAAAAaB+LCAAAAAAAAP9b85aBtbiIwTG/KF0vKzUvOzOvODlTryCnNB3I0ivPL8pOy8kv18vKT9JLzs8rzs9J1QuHCgaV5jlDhPzyS1IZIICRiYGhoohBKqM0pTg/D64Hh8ICAFt0h+h/AAAA[0m[Pipeline] stage
[8mha:////4NkueKVYrgQrVcme9p6ewnhxzUEBG1YkEi3hkrg5RNLVAAAAaB+LCAAAAAAAAP9b85aBtbiIwTG/KF0vKzUvOzOvODlTryCnNB3I0ivPL8pOy8kv18vKT9JLzs8rzs9J1QuHCgaV5jlDhPzyS1IZIICRiYGhoohBKqM0pTg/D64Hh8ICAFt0h+h/AAAA[0m[Pipeline] { (Nexus Upload)
Stage 'Nexus Upload' skipped due to earlier failure(s)
[8mha:////4NkueKVYrgQrVcme9p6ewnhxzUEBG1YkEi3hkrg5RNLVAAAAaB+LCAAAAAAAAP9b85aBtbiIwTG/KF0vKzUvOzOvODlTryCnNB3I0ivPL8pOy8kv18vKT9JLzs8rzs9J1QuHCgaV5jlDhPzyS1IZIICRiYGhoohBKqM0pTg/D64Hh8ICAFt0h+h/AAAA[0m[Pipeline] }
[8mha:////4NkueKVYrgQrVcme9p6ewnhxzUEBG1YkEi3hkrg5RNLVAAAAaB+LCAAAAAAAAP9b85aBtbiIwTG/KF0vKzUvOzOvODlTryCnNB3I0ivPL8pOy8kv18vKT9JLzs8rzs9J1QuHCgaV5jlDhPzyS1IZIICRiYGhoohBKqM0pTg/D64Hh8ICAFt0h+h/AAAA[0m[Pipeline] // stage
[8mha:////4NkueKVYrgQrVcme9p6ewnhxzUEBG1YkEi3hkrg5RNLVAAAAaB+LCAAAAAAAAP9b85aBtbiIwTG/KF0vKzUvOzOvODlTryCnNB3I0ivPL8pOy8kv18vKT9JLzs8rzs9J1QuHCgaV5jlDhPzyS1IZIICRiYGhoohBKqM0pTg/D64Hh8ICAFt0h+h/AAAA[0m[Pipeline] }
[8mha:////4NkueKVYrgQrVcme9p6ewnhxzUEBG1YkEi3hkrg5RNLVAAAAaB+LCAAAAAAAAP9b85aBtbiIwTG/KF0vKzUvOzOvODlTryCnNB3I0ivPL8pOy8kv18vKT9JLzs8rzs9J1QuHCgaV5jlDhPzyS1IZIICRiYGhoohBKqM0pTg/D64Hh8ICAFt0h+h/AAAA[0m[Pipeline] // node
[8mha:////4NkueKVYrgQrVcme9p6ewnhxzUEBG1YkEi3hkrg5RNLVAAAAaB+LCAAAAAAAAP9b85aBtbiIwTG/KF0vKzUvOzOvODlTryCnNB3I0ivPL8pOy8kv18vKT9JLzs8rzs9J1QuHCgaV5jlDhPzyS1IZIICRiYGhoohBKqM0pTg/D64Hh8ICAFt0h+h/AAAA[0m[Pipeline] End of Pipeline
ERROR: script returned exit code 1
Finished: FAILURE
