[workspace] Running shell script
+ mvn clean install sonar:sonar
----- withMaven Wrapper script -----
Picked up JAVA_TOOL_OPTIONS: -Dmaven.ext.class.path="/var/jenkins_home/jobs/Gameoflife/jobs/Gameoflife-Git/jobs/Gameoflife_CI/workspace@tmp/withMaven8ff58dba/pipeline-maven-spy.jar" -Dorg.jenkinsci.plugins.pipeline.maven.reportsFolder="/var/jenkins_home/jobs/Gameoflife/jobs/Gameoflife-Git/jobs/Gameoflife_CI/workspace@tmp/withMaven8ff58dba" 
Apache Maven 3.0.5 (r01de14724cdef164cd33c7c8c2fe155faf9602da; 2013-02-19 13:51:28+0000)
Maven home: /var/jenkins_home/tools/hudson.tasks.Maven_MavenInstallation/Maven
Java version: 1.8.0_221, vendor: Oracle Corporation
Java home: /var/jenkins_home/tools/hudson.model.JDK/jdk8/jre
Default locale: en, platform encoding: UTF-8
OS name: "linux", version: "4.4.0-1099-aws", arch: "amd64", family: "unix"
[INFO] Scanning for projects...
Downloading: http://repo.maven.apache.org/maven2/org/codehaus/mojo/sonar-maven-plugin/3.0.2/sonar-maven-plugin-3.0.2.pom
Downloaded: http://repo.maven.apache.org/maven2/org/codehaus/mojo/sonar-maven-plugin/3.0.2/sonar-maven-plugin-3.0.2.pom (2 KB at 2.3 KB/sec)
Downloading: http://repo.maven.apache.org/maven2/org/codehaus/mojo/mojo-parent/39/mojo-parent-39.pom
Downloaded: http://repo.maven.apache.org/maven2/org/codehaus/mojo/mojo-parent/39/mojo-parent-39.pom (34 KB at 92.1 KB/sec)
Downloading: http://repo.maven.apache.org/maven2/org/sonarsource/scanner/maven/sonar-maven-plugin/3.0.2/sonar-maven-plugin-3.0.2.pom
Downloaded: http://repo.maven.apache.org/maven2/org/sonarsource/scanner/maven/sonar-maven-plugin/3.0.2/sonar-maven-plugin-3.0.2.pom (9 KB at 27.1 KB/sec)
Downloading: http://repo.maven.apache.org/maven2/org/sonarsource/parent/parent/31/parent-31.pom
Downloaded: http://repo.maven.apache.org/maven2/org/sonarsource/parent/parent/31/parent-31.pom (30 KB at 121.0 KB/sec)
Downloading: http://repo.maven.apache.org/maven2/org/sonarsource/scanner/maven/sonar-maven-plugin/3.0.2/sonar-maven-plugin-3.0.2.jar
Downloaded: http://repo.maven.apache.org/maven2/org/sonarsource/scanner/maven/sonar-maven-plugin/3.0.2/sonar-maven-plugin-3.0.2.jar (49 KB at 199.6 KB/sec)
[INFO]                                                                         
[INFO] ------------------------------------------------------------------------
[INFO] Building gameoflife 0.0.1
[INFO] ------------------------------------------------------------------------
[INFO] 
[8mha:////4EncEGxAP9fd5eYU28kBvvUyV2myMg+8S1yx4wBe/f3MAAAAYB+LCAAAAAAAAP9b85aBtbiIQSmjNKU4P0+vJLE4u1gvPjexLDVPzxdEGvvmZ+X75ZekLlOVfvTjc8FPJgaGiiIGKaiG5Py84vycVD1nCA1SyAABjCCFBQCV27OjYAAAAA==[0m[INFO] --- maven-clean-plugin:2.5:clean (default-clean) @ gameoflife ---
[INFO] 
[8mha:////4EncEGxAP9fd5eYU28kBvvUyV2myMg+8S1yx4wBe/f3MAAAAYB+LCAAAAAAAAP9b85aBtbiIQSmjNKU4P0+vJLE4u1gvPjexLDVPzxdEGvvmZ+X75ZekLlOVfvTjc8FPJgaGiiIGKaiG5Py84vycVD1nCA1SyAABjCCFBQCV27OjYAAAAA==[0m[INFO] --- maven-resources-plugin:2.6:resources (default-resources) @ gameoflife ---
[INFO] Using 'UTF-8' encoding to copy filtered resources.
[INFO] Copying 0 resource
[INFO] Copying 2 resources
[INFO] 
[8mha:////4EncEGxAP9fd5eYU28kBvvUyV2myMg+8S1yx4wBe/f3MAAAAYB+LCAAAAAAAAP9b85aBtbiIQSmjNKU4P0+vJLE4u1gvPjexLDVPzxdEGvvmZ+X75ZekLlOVfvTjc8FPJgaGiiIGKaiG5Py84vycVD1nCA1SyAABjCCFBQCV27OjYAAAAA==[0m[INFO] --- maven-compiler-plugin:3.3:compile (default-compile) @ gameoflife ---
[INFO] Changes detected - recompiling the module!
[INFO] Compiling 6 source files to /var/jenkins_home/jobs/Gameoflife/jobs/Gameoflife-Git/jobs/Gameoflife_CI/workspace/target/classes
[INFO] 
[8mha:////4EncEGxAP9fd5eYU28kBvvUyV2myMg+8S1yx4wBe/f3MAAAAYB+LCAAAAAAAAP9b85aBtbiIQSmjNKU4P0+vJLE4u1gvPjexLDVPzxdEGvvmZ+X75ZekLlOVfvTjc8FPJgaGiiIGKaiG5Py84vycVD1nCA1SyAABjCCFBQCV27OjYAAAAA==[0m[INFO] --- maven-resources-plugin:2.6:testResources (default-testResources) @ gameoflife ---
[INFO] Using 'UTF-8' encoding to copy filtered resources.
[INFO] Copying 2 resources
[INFO] 
[8mha:////4EncEGxAP9fd5eYU28kBvvUyV2myMg+8S1yx4wBe/f3MAAAAYB+LCAAAAAAAAP9b85aBtbiIQSmjNKU4P0+vJLE4u1gvPjexLDVPzxdEGvvmZ+X75ZekLlOVfvTjc8FPJgaGiiIGKaiG5Py84vycVD1nCA1SyAABjCCFBQCV27OjYAAAAA==[0m[INFO] --- maven-compiler-plugin:3.3:testCompile (default-testCompile) @ gameoflife ---
[INFO] Changes detected - recompiling the module!
[INFO] Compiling 5 source files to /var/jenkins_home/jobs/Gameoflife/jobs/Gameoflife-Git/jobs/Gameoflife_CI/workspace/target/test-classes
[INFO] 
[8mha:////4EncEGxAP9fd5eYU28kBvvUyV2myMg+8S1yx4wBe/f3MAAAAYB+LCAAAAAAAAP9b85aBtbiIQSmjNKU4P0+vJLE4u1gvPjexLDVPzxdEGvvmZ+X75ZekLlOVfvTjc8FPJgaGiiIGKaiG5Py84vycVD1nCA1SyAABjCCFBQCV27OjYAAAAA==[0m[INFO] --- maven-surefire-plugin:2.18.1:test (default-test) @ gameoflife ---
[INFO] Surefire report directory: /var/jenkins_home/jobs/Gameoflife/jobs/Gameoflife-Git/jobs/Gameoflife_CI/workspace/target/surefire-reports

-------------------------------------------------------
 T E S T S
-------------------------------------------------------
Picked up JAVA_TOOL_OPTIONS: -Dmaven.ext.class.path="/var/jenkins_home/jobs/Gameoflife/jobs/Gameoflife-Git/jobs/Gameoflife_CI/workspace@tmp/withMaven8ff58dba/pipeline-maven-spy.jar" -Dorg.jenkinsci.plugins.pipeline.maven.reportsFolder="/var/jenkins_home/jobs/Gameoflife/jobs/Gameoflife-Git/jobs/Gameoflife_CI/workspace@tmp/withMaven8ff58dba" 
Running be.cegeka.status.StatusControllerIntegrationTest
Tests run: 1, Failures: 0, Errors: 0, Skipped: 0, Time elapsed: 2.485 sec - in be.cegeka.status.StatusControllerIntegrationTest
Running be.cegeka.status.StatusControllerTest
Tests run: 1, Failures: 0, Errors: 0, Skipped: 0, Time elapsed: 0.02 sec - in be.cegeka.status.StatusControllerTest
Running be.cegeka.gameoflife.GameOfLifeControllerIntegrationTest
Tests run: 1, Failures: 0, Errors: 0, Skipped: 0, Time elapsed: 0.035 sec - in be.cegeka.gameoflife.GameOfLifeControllerIntegrationTest
Running be.cegeka.fizzbuzz.FizzBuzzServiceTest
Tests run: 3, Failures: 0, Errors: 0, Skipped: 0, Time elapsed: 0.041 sec - in be.cegeka.fizzbuzz.FizzBuzzServiceTest
Running be.cegeka.GameoflifeApplicationTests

  _______      ___      .___  ___.  _______      ______    _______     __       __   _______  _______
 /  _____|    /   \     |   \/   | |   ____|    /  __  \  |   ____|   |  |     |  | |   ____||   ____|
|  |  __     /  ^  \    |  \  /  | |  |__      |  |  |  | |  |__      |  |     |  | |  |__   |  |__
|  | |_ |   /  /_\  \   |  |\/|  | |   __|     |  |  |  | |   __|     |  |     |  | |   __|  |   __|
|  |__| |  /  _____  \  |  |  |  | |  |____    |  `--'  | |  |        |  `----.|  | |  |     |  |____
 \______| /__/     \__\ |__|  |__| |_______|    \______/  |__|        |_______||__| |__|     |_______|

[INFO] be.cegeka.GameoflifeApplicationTests - Starting GameoflifeApplicationTests on 99d2ca51e6d3 with PID 11770 (/var/jenkins_home/jobs/Gameoflife/jobs/Gameoflife-Git/jobs/Gameoflife_CI/workspace/target/test-classes started by jenkins in /var/jenkins_home/jobs/Gameoflife/jobs/Gameoflife-Git/jobs/Gameoflife_CI/workspace)
[DEBUG] be.cegeka.GameoflifeApplicationTests - Running with Spring Boot v1.3.0.RELEASE, Spring v4.2.3.RELEASE
[INFO] be.cegeka.GameoflifeApplicationTests - No profiles are active
[INFO] be.cegeka.GameoflifeApplicationTests - Started GameoflifeApplicationTests in 0.764 seconds (JVM running for 4.054)
Tests run: 1, Failures: 0, Errors: 0, Skipped: 0, Time elapsed: 0.797 sec - in be.cegeka.GameoflifeApplicationTests

Results :

Tests run: 7, Failures: 0, Errors: 0, Skipped: 0

[INFO] 
[8mha:////4EncEGxAP9fd5eYU28kBvvUyV2myMg+8S1yx4wBe/f3MAAAAYB+LCAAAAAAAAP9b85aBtbiIQSmjNKU4P0+vJLE4u1gvPjexLDVPzxdEGvvmZ+X75ZekLlOVfvTjc8FPJgaGiiIGKaiG5Py84vycVD1nCA1SyAABjCCFBQCV27OjYAAAAA==[0m[INFO] --- maven-war-plugin:2.5:war (default-war) @ gameoflife ---
[INFO] Packaging webapp
[INFO] Assembling webapp [gameoflife] in [/var/jenkins_home/jobs/Gameoflife/jobs/Gameoflife-Git/jobs/Gameoflife_CI/workspace/target/gameoflife-0.0.1]
[INFO] Processing war project
[INFO] Copying webapp resources [/var/jenkins_home/jobs/Gameoflife/jobs/Gameoflife-Git/jobs/Gameoflife_CI/workspace/src/main/webapp]
[INFO] Webapp assembled in [296 msecs]
[INFO] Building war: /var/jenkins_home/jobs/Gameoflife/jobs/Gameoflife-Git/jobs/Gameoflife_CI/workspace/target/gameoflife-0.0.1.war
[INFO] 
[8mha:////4EncEGxAP9fd5eYU28kBvvUyV2myMg+8S1yx4wBe/f3MAAAAYB+LCAAAAAAAAP9b85aBtbiIQSmjNKU4P0+vJLE4u1gvPjexLDVPzxdEGvvmZ+X75ZekLlOVfvTjc8FPJgaGiiIGKaiG5Py84vycVD1nCA1SyAABjCCFBQCV27OjYAAAAA==[0m[INFO] --- spring-boot-maven-plugin:1.3.0.RELEASE:repackage (default) @ gameoflife ---
[INFO] 
[8mha:////4EncEGxAP9fd5eYU28kBvvUyV2myMg+8S1yx4wBe/f3MAAAAYB+LCAAAAAAAAP9b85aBtbiIQSmjNKU4P0+vJLE4u1gvPjexLDVPzxdEGvvmZ+X75ZekLlOVfvTjc8FPJgaGiiIGKaiG5Py84vycVD1nCA1SyAABjCCFBQCV27OjYAAAAA==[0m[INFO] --- maven-install-plugin:2.5.2:install (default-install) @ gameoflife ---
[INFO] Installing /var/jenkins_home/jobs/Gameoflife/jobs/Gameoflife-Git/jobs/Gameoflife_CI/workspace/target/gameoflife-0.0.1.war to /var/jenkins_home/.m2/repository/be/cegeka/gameoflife/0.0.1/gameoflife-0.0.1.war
[INFO] Installing /var/jenkins_home/jobs/Gameoflife/jobs/Gameoflife-Git/jobs/Gameoflife_CI/workspace/pom.xml to /var/jenkins_home/.m2/repository/be/cegeka/gameoflife/0.0.1/gameoflife-0.0.1.pom
[INFO]                                                                         
[INFO] ------------------------------------------------------------------------
[INFO] Building gameoflife 0.0.1
[INFO] ------------------------------------------------------------------------
[INFO] 
[8mha:////4EncEGxAP9fd5eYU28kBvvUyV2myMg+8S1yx4wBe/f3MAAAAYB+LCAAAAAAAAP9b85aBtbiIQSmjNKU4P0+vJLE4u1gvPjexLDVPzxdEGvvmZ+X75ZekLlOVfvTjc8FPJgaGiiIGKaiG5Py84vycVD1nCA1SyAABjCCFBQCV27OjYAAAAA==[0m[INFO] --- sonar-maven-plugin:3.0.2:sonar (default-cli) @ gameoflife ---
Downloading: http://repo.maven.apache.org/maven2/org/apache/maven/shared/maven-dependency-tree/2.2/maven-dependency-tree-2.2.pom
Downloaded: http://repo.maven.apache.org/maven2/org/apache/maven/shared/maven-dependency-tree/2.2/maven-dependency-tree-2.2.pom (8 KB at 29.4 KB/sec)
Downloading: http://repo.maven.apache.org/maven2/org/eclipse/aether/aether-util/0.9.0.M2/aether-util-0.9.0.M2.pom
Downloaded: http://repo.maven.apache.org/maven2/org/eclipse/aether/aether-util/0.9.0.M2/aether-util-0.9.0.M2.pom (2 KB at 8.2 KB/sec)
Downloading: http://repo.maven.apache.org/maven2/org/eclipse/aether/aether/0.9.0.M2/aether-0.9.0.M2.pom
Downloaded: http://repo.maven.apache.org/maven2/org/eclipse/aether/aether/0.9.0.M2/aether-0.9.0.M2.pom (28 KB at 112.5 KB/sec)
Downloading: http://repo.maven.apache.org/maven2/org/codehaus/plexus/plexus-utils/3.0.22/plexus-utils-3.0.22.pom
Downloaded: http://repo.maven.apache.org/maven2/org/codehaus/plexus/plexus-utils/3.0.22/plexus-utils-3.0.22.pom (4 KB at 15.6 KB/sec)
Downloading: http://repo.maven.apache.org/maven2/org/sonarsource/scanner/api/sonar-scanner-api/2.6/sonar-scanner-api-2.6.pom
Downloaded: http://repo.maven.apache.org/maven2/org/sonarsource/scanner/api/sonar-scanner-api/2.6/sonar-scanner-api-2.6.pom (6 KB at 16.1 KB/sec)
Downloading: http://repo.maven.apache.org/maven2/org/sonarsource/scanner/api/sonar-scanner-api-parent/2.6/sonar-scanner-api-parent-2.6.pom
Downloaded: http://repo.maven.apache.org/maven2/org/sonarsource/scanner/api/sonar-scanner-api-parent/2.6/sonar-scanner-api-parent-2.6.pom (5 KB at 17.7 KB/sec)
Downloading: http://repo.maven.apache.org/maven2/com/google/code/findbugs/jsr305/2.0.3/jsr305-2.0.3.pom
Downloaded: http://repo.maven.apache.org/maven2/com/google/code/findbugs/jsr305/2.0.3/jsr305-2.0.3.pom (2 KB at 5.5 KB/sec)
Downloading: http://repo.maven.apache.org/maven2/org/apache/maven/shared/maven-dependency-tree/2.2/maven-dependency-tree-2.2.jar
Downloading: http://repo.maven.apache.org/maven2/org/eclipse/aether/aether-util/0.9.0.M2/aether-util-0.9.0.M2.jar
Downloading: http://repo.maven.apache.org/maven2/org/codehaus/plexus/plexus-utils/3.0.22/plexus-utils-3.0.22.jar
Downloading: http://repo.maven.apache.org/maven2/org/sonarsource/scanner/api/sonar-scanner-api/2.6/sonar-scanner-api-2.6.jar
Downloading: http://repo.maven.apache.org/maven2/com/google/code/findbugs/jsr305/2.0.3/jsr305-2.0.3.jar
Downloaded: http://repo.maven.apache.org/maven2/com/google/code/findbugs/jsr305/2.0.3/jsr305-2.0.3.jar (33 KB at 132.7 KB/sec)
Downloaded: http://repo.maven.apache.org/maven2/org/apache/maven/shared/maven-dependency-tree/2.2/maven-dependency-tree-2.2.jar (63 KB at 101.6 KB/sec)
Downloaded: http://repo.maven.apache.org/maven2/org/eclipse/aether/aether-util/0.9.0.M2/aether-util-0.9.0.M2.jar (131 KB at 171.9 KB/sec)
Downloaded: http://repo.maven.apache.org/maven2/org/codehaus/plexus/plexus-utils/3.0.22/plexus-utils-3.0.22.jar (240 KB at 288.1 KB/sec)
Downloaded: http://repo.maven.apache.org/maven2/org/sonarsource/scanner/api/sonar-scanner-api/2.6/sonar-scanner-api-2.6.jar (522 KB at 547.5 KB/sec)
[INFO] User cache: /var/jenkins_home/.sonar/cache
[8mha:////4JOSnVqr3aV9xt9dK4O2ctbA1F7ycyEPgk9BEPK8qQl3AAAAYB+LCAAAAAAAAP9b85aBtbiIQSmjNKU4P0+vJLE4u1gvPjexLDVPzxdEuhYV5Rf55ZekOlc7RKnPKH7IxMBQUcQgBdWQnJ9XnJ+TqucMoUEKGSCAEaSwAACsNFCqYAAAAA==[0m[ERROR] SonarQube server [http://localhost:9000] can not be reached
[INFO] ------------------------------------------------------------------------
[INFO] BUILD FAILURE
[INFO] ------------------------------------------------------------------------
[INFO] Total time: 16.010s
[INFO] Finished at: Tue Dec 10 08:39:36 UTC 2019
[INFO] Final Memory: 39M/321M
[INFO] ------------------------------------------------------------------------
[8mha:////4JOSnVqr3aV9xt9dK4O2ctbA1F7ycyEPgk9BEPK8qQl3AAAAYB+LCAAAAAAAAP9b85aBtbiIQSmjNKU4P0+vJLE4u1gvPjexLDVPzxdEuhYV5Rf55ZekOlc7RKnPKH7IxMBQUcQgBdWQnJ9XnJ+TqucMoUEKGSCAEaSwAACsNFCqYAAAAA==[0m[ERROR] Failed to execute goal org.sonarsource.scanner.maven:sonar-maven-plugin:3.0.2:sonar (default-cli) on project gameoflife: Unable to execute SonarQube: Fail to download libraries from server: Connection refused (Connection refused) -> [Help 1]
[8mha:////4JOSnVqr3aV9xt9dK4O2ctbA1F7ycyEPgk9BEPK8qQl3AAAAYB+LCAAAAAAAAP9b85aBtbiIQSmjNKU4P0+vJLE4u1gvPjexLDVPzxdEuhYV5Rf55ZekOlc7RKnPKH7IxMBQUcQgBdWQnJ9XnJ+TqucMoUEKGSCAEaSwAACsNFCqYAAAAA==[0m[ERROR] 
[8mha:////4JOSnVqr3aV9xt9dK4O2ctbA1F7ycyEPgk9BEPK8qQl3AAAAYB+LCAAAAAAAAP9b85aBtbiIQSmjNKU4P0+vJLE4u1gvPjexLDVPzxdEuhYV5Rf55ZekOlc7RKnPKH7IxMBQUcQgBdWQnJ9XnJ+TqucMoUEKGSCAEaSwAACsNFCqYAAAAA==[0m[ERROR] To see the full stack trace of the errors, re-run Maven with the -e switch.
[8mha:////4JOSnVqr3aV9xt9dK4O2ctbA1F7ycyEPgk9BEPK8qQl3AAAAYB+LCAAAAAAAAP9b85aBtbiIQSmjNKU4P0+vJLE4u1gvPjexLDVPzxdEuhYV5Rf55ZekOlc7RKnPKH7IxMBQUcQgBdWQnJ9XnJ+TqucMoUEKGSCAEaSwAACsNFCqYAAAAA==[0m[ERROR] Re-run Maven using the -X switch to enable full debug logging.
[8mha:////4JOSnVqr3aV9xt9dK4O2ctbA1F7ycyEPgk9BEPK8qQl3AAAAYB+LCAAAAAAAAP9b85aBtbiIQSmjNKU4P0+vJLE4u1gvPjexLDVPzxdEuhYV5Rf55ZekOlc7RKnPKH7IxMBQUcQgBdWQnJ9XnJ+TqucMoUEKGSCAEaSwAACsNFCqYAAAAA==[0m[ERROR] 
[8mha:////4JOSnVqr3aV9xt9dK4O2ctbA1F7ycyEPgk9BEPK8qQl3AAAAYB+LCAAAAAAAAP9b85aBtbiIQSmjNKU4P0+vJLE4u1gvPjexLDVPzxdEuhYV5Rf55ZekOlc7RKnPKH7IxMBQUcQgBdWQnJ9XnJ+TqucMoUEKGSCAEaSwAACsNFCqYAAAAA==[0m[ERROR] For more information about the errors and possible solutions, please read the following articles:
[8mha:////4JOSnVqr3aV9xt9dK4O2ctbA1F7ycyEPgk9BEPK8qQl3AAAAYB+LCAAAAAAAAP9b85aBtbiIQSmjNKU4P0+vJLE4u1gvPjexLDVPzxdEuhYV5Rf55ZekOlc7RKnPKH7IxMBQUcQgBdWQnJ9XnJ+TqucMoUEKGSCAEaSwAACsNFCqYAAAAA==[0m[ERROR] [Help 1] http://cwiki.apache.org/confluence/display/MAVEN/MojoExecutionException
